File not found: /usr/lib/code-server/lib/vscode/node_modules/vsda/rust/web/vsda_bg.wasm
File not found: /usr/lib/code-server/lib/vscode/node_modules/vsda/rust/web/vsda.js
File not found: /usr/lib/code-server/lib/vscode/node_modules/vsda/rust/web/vsda.js
File not found: /usr/lib/code-server/lib/vscode/node_modules/vsda/rust/web/vsda_bg.wasm
File not found: /usr/lib/code-server/lib/vscode/node_modules/vsda/rust/web/vsda_bg.wasm
File not found: /usr/lib/code-server/lib/vscode/node_modules/vsda/rust/web/vsda.js
[10:38:39] [File Watcher] Inotify limit reached (ENOSPC) (path: /home/ubuntu)
[10:58:51] Error: read ETIMEDOUT
    at TCP.onStreamRead (node:internal/stream_base_commons:218:20) {
  errno: -110,
  code: 'ETIMEDOUT',
  syscall: 'read'
}
File not found: /usr/lib/code-server/lib/vscode/node_modules/vsda/rust/web/vsda_bg.wasm
File not found: /usr/lib/code-server/lib/vscode/node_modules/vsda/rust/web/vsda.js
[11:03:39] [File Watcher] Inotify limit reached (ENOSPC) (path: /home/ubuntu)
File not found: /usr/lib/code-server/lib/vscode/node_modules/vsda/rust/web/vsda_bg.wasm
File not found: /usr/lib/code-server/lib/vscode/node_modules/vsda/rust/web/vsda.js
[11:14:35] Error: read ETIMEDOUT
    at TCP.onStreamRead (node:internal/stream_base_commons:218:20) {
  errno: -110,
  code: 'ETIMEDOUT',
  syscall: 'read'
}
