2025-04-04 06:24:39.373 [info] [main] Log level: Info
2025-04-04 06:24:39.373 [info] [main] Validating found git in: "git"
2025-04-04 06:24:39.373 [info] [main] Using git "2.34.1" from "git"
2025-04-04 06:24:39.373 [info] [Model][doInitialScan] Initial repository scan started
2025-04-04 06:24:39.373 [info] > git rev-parse --show-toplevel [3ms]
2025-04-04 06:24:39.373 [info] fatal: not a git repository (or any of the parent directories): .git
2025-04-04 06:24:39.373 [info] > git rev-parse --show-toplevel [2ms]
2025-04-04 06:24:39.373 [info] fatal: not a git repository (or any of the parent directories): .git
2025-04-04 06:24:39.373 [info] > git rev-parse --show-toplevel [3ms]
2025-04-04 06:24:39.373 [info] fatal: not a git repository (or any of the parent directories): .git
2025-04-04 06:24:39.373 [info] > git rev-parse --show-toplevel [2ms]
2025-04-04 06:24:39.373 [info] fatal: not a git repository (or any of the parent directories): .git
2025-04-04 06:24:39.373 [info] > git rev-parse --show-toplevel [4ms]
2025-04-04 06:24:39.373 [info] fatal: not a git repository (or any of the parent directories): .git
2025-04-04 06:24:39.375 [info] > git rev-parse --show-toplevel [2ms]
2025-04-04 06:24:39.375 [info] fatal: not a git repository (or any of the parent directories): .git
2025-04-04 06:24:39.384 [info] > git rev-parse --show-toplevel [6ms]
2025-04-04 06:24:39.394 [info] > git rev-parse --git-dir --git-common-dir [3ms]
2025-04-04 06:24:39.415 [info] [Model][openRepository] Opened repository: /home/ubuntu/.nvm
2025-04-04 06:24:39.434 [info] > git rev-parse --show-toplevel [3ms]
2025-04-04 06:24:39.434 [info] fatal: not a git repository (or any of the parent directories): .git
2025-04-04 06:24:39.436 [info] > git config --get commit.template [9ms]
2025-04-04 06:24:39.445 [info] > git rev-parse --show-toplevel [6ms]
2025-04-04 06:24:39.445 [info] fatal: not a git repository (or any of the parent directories): .git
2025-04-04 06:24:39.451 [info] > git rev-parse --show-toplevel [3ms]
2025-04-04 06:24:39.451 [info] fatal: not a git repository (or any of the parent directories): .git
2025-04-04 06:24:39.456 [info] > git for-each-ref --format %(refname) %(objectname) %(*objectname) refs/tags [13ms]
2025-04-04 06:24:39.468 [info] > git rev-parse --show-toplevel [11ms]
2025-04-04 06:24:39.468 [info] fatal: not a git repository (or any of the parent directories): .git
2025-04-04 06:24:39.474 [info] [Model][doInitialScan] Initial repository scan completed - repositories (1), closed repositories (0), parent repositories (0), unsafe repositories (0)
2025-04-04 06:24:39.475 [info] > git for-each-ref --sort -committerdate --format %(refname) %(objectname) %(*objectname) [9ms]
2025-04-04 06:24:39.599 [info] > git status -z -uall [138ms]
2025-04-04 06:24:39.681 [info] > git config --get commit.template [11ms]
2025-04-04 06:24:39.684 [info] > git for-each-ref --format %(refname) %(objectname) %(*objectname) refs/tags [7ms]
2025-04-04 06:24:39.729 [info] > git status -z -uall [38ms]
2025-04-04 06:24:39.730 [info] > git for-each-ref --sort -committerdate --format %(refname) %(objectname) %(*objectname) [35ms]
2025-04-04 06:24:40.178 [info] > git check-ignore -v -z --stdin [3ms]
2025-04-04 06:24:40.237 [info] > git rev-parse --show-toplevel [2ms]
2025-04-04 06:24:46.830 [info] > git rev-parse --show-toplevel [3ms]
2025-04-04 06:24:46.830 [info] fatal: not a git repository (or any of the parent directories): .git
2025-04-04 06:25:42.620 [info] > git rev-parse --show-toplevel [13ms]
2025-04-04 06:25:42.620 [info] fatal: not a git repository (or any of the parent directories): .git
2025-04-04 06:27:13.170 [info] > git rev-parse --show-toplevel [1ms]
2025-04-04 06:27:13.170 [info] fatal: not a git repository (or any of the parent directories): .git
2025-04-04 06:27:13.183 [info] > git log --format=%H%n%aN%n%aE%n%at%n%ct%n%P%n%D%n%B -z --shortstat --diff-merges=first-parent -n50 --skip=0 --topo-order --decorate=full --stdin [35ms]
