0 verbose cli /home/ubuntu/.nvm/versions/node/v22.13.0/bin/node /home/ubuntu/.nvm/versions/node/v22.13.0/bin/npm
1 info using npm@10.9.2
2 info using node@v22.13.0
3 silly config load:file:/home/ubuntu/.nvm/versions/node/v22.13.0/lib/node_modules/npm/npmrc
4 silly config load:file:/home/ubuntu/jobconnect-mozambique/.npmrc
5 silly config load:file:/home/ubuntu/.npmrc
6 silly config load:file:/home/ubuntu/.nvm/versions/node/v22.13.0/etc/npmrc
7 verbose title npm install react-router-dom @types/react-router-dom
8 verbose argv "install" "react-router-dom" "@types/react-router-dom" "--legacy-peer-deps"
9 verbose logfile logs-max:10 dir:/home/ubuntu/.npm/_logs/2025-04-04T09_36_10_266Z-
10 verbose logfile /home/ubuntu/.npm/_logs/2025-04-04T09_36_10_266Z-debug-0.log
11 silly logfile start cleaning logs, removing 1 files
12 silly packumentCache heap:2117074944 maxSize:529268736 maxEntrySize:264634368
13 silly logfile done cleaning log files
14 silly idealTree buildDeps
15 silly fetch manifest react-router-dom@*
16 silly packumentCache full:https://registry.npmjs.org/react-router-dom cache-miss
17 http fetch GET 200 https://registry.npmjs.org/react-router-dom 15261ms (cache miss)
18 silly packumentCache full:https://registry.npmjs.org/react-router-dom set size:undefined disposed:false
19 silly fetch manifest @types/react-router-dom@*
20 silly packumentCache full:https://registry.npmjs.org/@types%2freact-router-dom cache-miss
21 http fetch GET 200 https://registry.npmjs.org/@types%2freact-router-dom 78ms (cache miss)
22 silly packumentCache full:https://registry.npmjs.org/@types%2freact-router-dom set size:undefined disposed:false
23 silly placeDep ROOT @types/react-router-dom@5.3.3 OK for: jobconnect-mozambique@0.1.0 want: *
24 silly placeDep ROOT react-router-dom@7.4.1 OK for: jobconnect-mozambique@0.1.0 want: *
25 silly fetch manifest @types/history@^4.7.11
26 silly packumentCache full:https://registry.npmjs.org/@types%2fhistory cache-miss
27 silly fetch manifest @types/react-router@*
28 silly packumentCache full:https://registry.npmjs.org/@types%2freact-router cache-miss
29 silly fetch manifest react-router@7.4.1
30 silly packumentCache full:https://registry.npmjs.org/react-router cache-miss
31 http fetch GET 200 https://registry.npmjs.org/@types%2fhistory 82ms (cache miss)
32 silly packumentCache full:https://registry.npmjs.org/@types%2fhistory set size:undefined disposed:false
33 http fetch GET 200 https://registry.npmjs.org/@types%2freact-router 123ms (cache miss)
34 silly packumentCache full:https://registry.npmjs.org/@types%2freact-router set size:undefined disposed:false
35 http fetch GET 200 https://registry.npmjs.org/react-router 137ms (cache miss)
36 silly packumentCache full:https://registry.npmjs.org/react-router set size:undefined disposed:false
37 silly placeDep ROOT @types/history@4.7.11 OK for: @types/react-router-dom@5.3.3 want: ^4.7.11
38 silly placeDep ROOT @types/react-router@5.1.20 OK for: @types/react-router-dom@5.3.3 want: *
39 silly placeDep ROOT react-router@7.4.1 OK for: react-router-dom@7.4.1 want: 7.4.1
40 silly fetch manifest cookie@^1.0.1
41 silly packumentCache full:https://registry.npmjs.org/cookie cache-miss
42 silly fetch manifest turbo-stream@2.4.0
43 silly packumentCache full:https://registry.npmjs.org/turbo-stream cache-miss
44 silly fetch manifest @types/cookie@^0.6.0
45 silly packumentCache full:https://registry.npmjs.org/@types%2fcookie cache-miss
46 http cache https://registry.npmjs.org/cookie 16ms (cache hit)
47 silly packumentCache full:https://registry.npmjs.org/cookie set size:67120 disposed:false
48 silly fetch manifest set-cookie-parser@^2.6.0
49 silly packumentCache full:https://registry.npmjs.org/set-cookie-parser cache-miss
50 http fetch GET 200 https://registry.npmjs.org/turbo-stream 38ms (cache miss)
51 silly packumentCache full:https://registry.npmjs.org/turbo-stream set size:undefined disposed:false
52 http fetch GET 200 https://registry.npmjs.org/@types%2fcookie 41ms (cache miss)
53 silly packumentCache full:https://registry.npmjs.org/@types%2fcookie set size:undefined disposed:false
54 http fetch GET 200 https://registry.npmjs.org/set-cookie-parser 32ms (cache miss)
55 silly packumentCache full:https://registry.npmjs.org/set-cookie-parser set size:undefined disposed:false
56 silly placeDep ROOT @types/cookie@0.6.0 OK for: react-router@7.4.1 want: ^0.6.0
57 silly placeDep node_modules/react-router cookie@1.0.2 OK for: react-router@7.4.1 want: ^1.0.1
58 silly placeDep ROOT set-cookie-parser@2.7.1 OK for: react-router@7.4.1 want: ^2.6.0
59 silly placeDep ROOT turbo-stream@2.4.0 OK for: react-router@7.4.1 want: 2.4.0
60 silly reify moves {}
61 silly audit bulk request {
61 silly audit   '@adobe/css-tools': [ '4.4.2' ],
61 silly audit   '@alloc/quick-lru': [ '5.2.0' ],
61 silly audit   '@ampproject/remapping': [ '2.3.0' ],
61 silly audit   '@apideck/better-ajv-errors': [ '0.3.6' ],
61 silly audit   '@babel/code-frame': [ '7.26.2' ],
61 silly audit   '@babel/compat-data': [ '7.26.8' ],
61 silly audit   '@babel/core': [ '7.26.10' ],
61 silly audit   semver: [ '6.3.1', '5.7.2', '7.7.1' ],
61 silly audit   '@babel/eslint-parser': [ '7.27.0' ],
61 silly audit   'eslint-visitor-keys': [ '2.1.0', '3.4.3' ],
61 silly audit   '@babel/generator': [ '7.27.0' ],
61 silly audit   '@babel/helper-annotate-as-pure': [ '7.25.9' ],
61 silly audit   '@babel/helper-compilation-targets': [ '7.27.0' ],
61 silly audit   '@babel/helper-create-class-features-plugin': [ '7.27.0' ],
61 silly audit   '@babel/helper-create-regexp-features-plugin': [ '7.27.0' ],
61 silly audit   '@babel/helper-define-polyfill-provider': [ '0.6.4' ],
61 silly audit   '@babel/helper-member-expression-to-functions': [ '7.25.9' ],
61 silly audit   '@babel/helper-module-imports': [ '7.25.9' ],
61 silly audit   '@babel/helper-module-transforms': [ '7.26.0' ],
61 silly audit   '@babel/helper-optimise-call-expression': [ '7.25.9' ],
61 silly audit   '@babel/helper-plugin-utils': [ '7.26.5' ],
61 silly audit   '@babel/helper-remap-async-to-generator': [ '7.25.9' ],
61 silly audit   '@babel/helper-replace-supers': [ '7.26.5' ],
61 silly audit   '@babel/helper-skip-transparent-expression-wrappers': [ '7.25.9' ],
61 silly audit   '@babel/helper-string-parser': [ '7.25.9' ],
61 silly audit   '@babel/helper-validator-identifier': [ '7.25.9' ],
61 silly audit   '@babel/helper-validator-option': [ '7.25.9' ],
61 silly audit   '@babel/helper-wrap-function': [ '7.25.9' ],
61 silly audit   '@babel/helpers': [ '7.27.0' ],
61 silly audit   '@babel/parser': [ '7.27.0' ],
61 silly audit   '@babel/plugin-bugfix-firefox-class-in-computed-class-key': [ '7.25.9' ],
61 silly audit   '@babel/plugin-bugfix-safari-class-field-initializer-scope': [ '7.25.9' ],
61 silly audit   '@babel/plugin-bugfix-safari-id-destructuring-collision-in-function-expression': [ '7.25.9' ],
61 silly audit   '@babel/plugin-bugfix-v8-spread-parameters-in-optional-chaining': [ '7.25.9' ],
61 silly audit   '@babel/plugin-bugfix-v8-static-class-fields-redefine-readonly': [ '7.25.9' ],
61 silly audit   '@babel/plugin-proposal-class-properties': [ '7.18.6' ],
61 silly audit   '@babel/plugin-proposal-decorators': [ '7.25.9' ],
61 silly audit   '@babel/plugin-proposal-nullish-coalescing-operator': [ '7.18.6' ],
61 silly audit   '@babel/plugin-proposal-numeric-separator': [ '7.18.6' ],
61 silly audit   '@babel/plugin-proposal-optional-chaining': [ '7.21.0' ],
61 silly audit   '@babel/plugin-proposal-private-methods': [ '7.18.6' ],
61 silly audit   '@babel/plugin-proposal-private-property-in-object': [ '7.21.0-placeholder-for-preset-env.2', '7.21.11' ],
61 silly audit   '@babel/plugin-syntax-async-generators': [ '7.8.4' ],
61 silly audit   '@babel/plugin-syntax-bigint': [ '7.8.3' ],
61 silly audit   '@babel/plugin-syntax-class-properties': [ '7.12.13' ],
61 silly audit   '@babel/plugin-syntax-class-static-block': [ '7.14.5' ],
61 silly audit   '@babel/plugin-syntax-decorators': [ '7.25.9' ],
61 silly audit   '@babel/plugin-syntax-flow': [ '7.26.0' ],
61 silly audit   '@babel/plugin-syntax-import-assertions': [ '7.26.0' ],
61 silly audit   '@babel/plugin-syntax-import-attributes': [ '7.26.0' ],
61 silly audit   '@babel/plugin-syntax-import-meta': [ '7.10.4' ],
61 silly audit   '@babel/plugin-syntax-json-strings': [ '7.8.3' ],
61 silly audit   '@babel/plugin-syntax-jsx': [ '7.25.9' ],
61 silly audit   '@babel/plugin-syntax-logical-assignment-operators': [ '7.10.4' ],
61 silly audit   '@babel/plugin-syntax-nullish-coalescing-operator': [ '7.8.3' ],
61 silly audit   '@babel/plugin-syntax-numeric-separator': [ '7.10.4' ],
61 silly audit   '@babel/plugin-syntax-object-rest-spread': [ '7.8.3' ],
61 silly audit   '@babel/plugin-syntax-optional-catch-binding': [ '7.8.3' ],
61 silly audit   '@babel/plugin-syntax-optional-chaining': [ '7.8.3' ],
61 silly audit   '@babel/plugin-syntax-private-property-in-object': [ '7.14.5' ],
61 silly audit   '@babel/plugin-syntax-top-level-await': [ '7.14.5' ],
61 silly audit   '@babel/plugin-syntax-typescript': [ '7.25.9' ],
61 silly audit   '@babel/plugin-syntax-unicode-sets-regex': [ '7.18.6' ],
61 silly audit   '@babel/plugin-transform-arrow-functions': [ '7.25.9' ],
61 silly audit   '@babel/plugin-transform-async-generator-functions': [ '7.26.8' ],
61 silly audit   '@babel/plugin-transform-async-to-generator': [ '7.25.9' ],
61 silly audit   '@babel/plugin-transform-block-scoped-functions': [ '7.26.5' ],
61 silly audit   '@babel/plugin-transform-block-scoping': [ '7.27.0' ],
61 silly audit   '@babel/plugin-transform-class-properties': [ '7.25.9' ],
61 silly audit   '@babel/plugin-transform-class-static-block': [ '7.26.0' ],
61 silly audit   '@babel/plugin-transform-classes': [ '7.25.9' ],
61 silly audit   '@babel/plugin-transform-computed-properties': [ '7.25.9' ],
61 silly audit   '@babel/plugin-transform-destructuring': [ '7.25.9' ],
61 silly audit   '@babel/plugin-transform-dotall-regex': [ '7.25.9' ],
61 silly audit   '@babel/plugin-transform-duplicate-keys': [ '7.25.9' ],
61 silly audit   '@babel/plugin-transform-duplicate-named-capturing-groups-regex': [ '7.25.9' ],
61 silly audit   '@babel/plugin-transform-dynamic-import': [ '7.25.9' ],
61 silly audit   '@babel/plugin-transform-exponentiation-operator': [ '7.26.3' ],
61 silly audit   '@babel/plugin-transform-export-namespace-from': [ '7.25.9' ],
61 silly audit   '@babel/plugin-transform-flow-strip-types': [ '7.26.5' ],
61 silly audit   '@babel/plugin-transform-for-of': [ '7.26.9' ],
61 silly audit   '@babel/plugin-transform-function-name': [ '7.25.9' ],
61 silly audit   '@babel/plugin-transform-json-strings': [ '7.25.9' ],
61 silly audit   '@babel/plugin-transform-literals': [ '7.25.9' ],
61 silly audit   '@babel/plugin-transform-logical-assignment-operators': [ '7.25.9' ],
61 silly audit   '@babel/plugin-transform-member-expression-literals': [ '7.25.9' ],
61 silly audit   '@babel/plugin-transform-modules-amd': [ '7.25.9' ],
61 silly audit   '@babel/plugin-transform-modules-commonjs': [ '7.26.3' ],
61 silly audit   '@babel/plugin-transform-modules-systemjs': [ '7.25.9' ],
61 silly audit   '@babel/plugin-transform-modules-umd': [ '7.25.9' ],
61 silly audit   '@babel/plugin-transform-named-capturing-groups-regex': [ '7.25.9' ],
61 silly audit   '@babel/plugin-transform-new-target': [ '7.25.9' ],
61 silly audit   '@babel/plugin-transform-nullish-coalescing-operator': [ '7.26.6' ],
61 silly audit   '@babel/plugin-transform-numeric-separator': [ '7.25.9' ],
61 silly audit   '@babel/plugin-transform-object-rest-spread': [ '7.25.9' ],
61 silly audit   '@babel/plugin-transform-object-super': [ '7.25.9' ],
61 silly audit   '@babel/plugin-transform-optional-catch-binding': [ '7.25.9' ],
61 silly audit   '@babel/plugin-transform-optional-chaining': [ '7.25.9' ],
61 silly audit   '@babel/plugin-transform-parameters': [ '7.25.9' ],
61 silly audit   '@babel/plugin-transform-private-methods': [ '7.25.9' ],
61 silly audit   '@babel/plugin-transform-private-property-in-object': [ '7.25.9' ],
61 silly audit   '@babel/plugin-transform-property-literals': [ '7.25.9' ],
61 silly audit   '@babel/plugin-transform-react-constant-elements': [ '7.25.9' ],
61 silly audit   '@babel/plugin-transform-react-display-name': [ '7.25.9' ],
61 silly audit   '@babel/plugin-transform-react-jsx': [ '7.25.9' ],
61 silly audit   '@babel/plugin-transform-react-jsx-development': [ '7.25.9' ],
61 silly audit   '@babel/plugin-transform-react-pure-annotations': [ '7.25.9' ],
61 silly audit   '@babel/plugin-transform-regenerator': [ '7.27.0' ],
61 silly audit   '@babel/plugin-transform-regexp-modifiers': [ '7.26.0' ],
61 silly audit   '@babel/plugin-transform-reserved-words': [ '7.25.9' ],
61 silly audit   '@babel/plugin-transform-runtime': [ '7.26.10' ],
61 silly audit   '@babel/plugin-transform-shorthand-properties': [ '7.25.9' ],
61 silly audit   '@babel/plugin-transform-spread': [ '7.25.9' ],
61 silly audit   '@babel/plugin-transform-sticky-regex': [ '7.25.9' ],
61 silly audit   '@babel/plugin-transform-template-literals': [ '7.26.8' ],
61 silly audit   '@babel/plugin-transform-typeof-symbol': [ '7.27.0' ],
61 silly audit   '@babel/plugin-transform-typescript': [ '7.27.0' ],
61 silly audit   '@babel/plugin-transform-unicode-escapes': [ '7.25.9' ],
61 silly audit   '@babel/plugin-transform-unicode-property-regex': [ '7.25.9' ],
61 silly audit   '@babel/plugin-transform-unicode-regex': [ '7.25.9' ],
61 silly audit   '@babel/plugin-transform-unicode-sets-regex': [ '7.25.9' ],
61 silly audit   '@babel/preset-env': [ '7.26.9' ],
61 silly audit   '@babel/preset-modules': [ '0.1.6-no-external-plugins' ],
61 silly audit   '@babel/preset-react': [ '7.26.3' ],
61 silly audit   '@babel/preset-typescript': [ '7.27.0' ],
61 silly audit   '@babel/runtime': [ '7.27.0' ],
61 silly audit   '@babel/template': [ '7.27.0' ],
61 silly audit   '@babel/traverse': [ '7.27.0' ],
61 silly audit   '@babel/types': [ '7.27.0' ],
61 silly audit   '@bcoe/v8-coverage': [ '0.2.3' ],
61 silly audit   '@csstools/normalize.css': [ '12.1.1' ],
61 silly audit   '@csstools/postcss-cascade-layers': [ '1.1.1' ],
61 silly audit   '@csstools/postcss-color-function': [ '1.1.1' ],
61 silly audit   '@csstools/postcss-font-format-keywords': [ '1.0.1' ],
61 silly audit   '@csstools/postcss-hwb-function': [ '1.0.2' ],
61 silly audit   '@csstools/postcss-ic-unit': [ '1.0.1' ],
61 silly audit   '@csstools/postcss-is-pseudo-class': [ '2.0.7' ],
61 silly audit   '@csstools/postcss-nested-calc': [ '1.0.0' ],
61 silly audit   '@csstools/postcss-normalize-display-values': [ '1.0.1' ],
61 silly audit   '@csstools/postcss-oklab-function': [ '1.1.1' ],
61 silly audit   '@csstools/postcss-progressive-custom-properties': [ '1.3.0' ],
61 silly audit   '@csstools/postcss-stepped-value-functions': [ '1.0.1' ],
61 silly audit   '@csstools/postcss-text-decoration-shorthand': [ '1.0.0' ],
61 silly audit   '@csstools/postcss-trigonometric-functions': [ '1.0.2' ],
61 silly audit   '@csstools/postcss-unset-value': [ '1.0.2' ],
61 silly audit   '@csstools/selector-specificity': [ '2.2.0' ],
61 silly audit   '@emotion/babel-plugin': [ '11.13.5' ],
61 silly audit   'convert-source-map': [ '1.9.0', '2.0.0' ],
61 silly audit   'source-map': [ '0.5.7', '0.6.1', '0.8.0-beta.0', '0.7.4' ],
61 silly audit   '@emotion/cache': [ '11.14.0' ],
61 silly audit   '@emotion/hash': [ '0.9.2' ],
61 silly audit   '@emotion/is-prop-valid': [ '1.3.1' ],
61 silly audit   '@emotion/memoize': [ '0.9.0' ],
61 silly audit   '@emotion/react': [ '11.14.0' ],
61 silly audit   '@emotion/serialize': [ '1.3.3' ],
61 silly audit   '@emotion/sheet': [ '1.4.0' ],
61 silly audit   '@emotion/styled': [ '11.14.0' ],
61 silly audit   '@emotion/unitless': [ '0.10.0' ],
61 silly audit   '@emotion/use-insertion-effect-with-fallbacks': [ '1.2.0' ],
61 silly audit   '@emotion/utils': [ '1.4.2' ],
61 silly audit   '@emotion/weak-memoize': [ '0.4.0' ],
61 silly audit   '@eslint-community/eslint-utils': [ '4.5.1' ],
61 silly audit   '@eslint-community/regexpp': [ '4.12.1' ],
61 silly audit   '@eslint/eslintrc': [ '2.1.4' ],
61 silly audit   argparse: [ '2.0.1', '1.0.10' ],
61 silly audit   globals: [ '13.24.0', '11.12.0' ],
61 silly audit   'js-yaml': [ '4.1.0', '3.14.1' ],
61 silly audit   'type-fest': [ '0.20.2', '0.8.1', '0.13.1', '0.6.0', '0.16.0', '0.21.3' ],
61 silly audit   '@eslint/js': [ '8.57.1' ],
61 silly audit   '@humanwhocodes/config-array': [ '0.13.0' ],
61 silly audit   '@humanwhocodes/module-importer': [ '1.0.1' ],
61 silly audit   '@humanwhocodes/object-schema': [ '2.0.3' ],
61 silly audit   '@isaacs/cliui': [ '8.0.2' ],
61 silly audit   'ansi-regex': [ '6.1.0', '5.0.1' ],
61 silly audit   'ansi-styles': [ '6.2.1', '4.3.0', '3.2.1', '5.2.0' ],
61 silly audit   'string-width': [ '5.1.2', '4.2.3' ],
61 silly audit   'strip-ansi': [ '7.1.0', '6.0.1' ],
61 silly audit   'wrap-ansi': [ '8.1.0', '7.0.0' ],
61 silly audit   '@istanbuljs/load-nyc-config': [ '1.1.0' ],
61 silly audit   camelcase: [ '5.3.1', '6.3.0' ],
61 silly audit   '@istanbuljs/schema': [ '0.1.3' ],
61 silly audit   '@jest/console': [ '27.5.1', '28.1.3' ],
61 silly audit   '@jest/core': [ '27.5.1' ],
61 silly audit   '@jest/environment': [ '27.5.1' ],
61 silly audit   '@jest/fake-timers': [ '27.5.1' ],
61 silly audit   '@jest/globals': [ '27.5.1' ],
61 silly audit   '@jest/reporters': [ '27.5.1' ],
61 silly audit   '@jest/schemas': [ '28.1.3' ],
61 silly audit   '@jest/source-map': [ '27.5.1' ],
61 silly audit   '@jest/test-result': [ '27.5.1', '28.1.3' ],
61 silly audit   '@jest/test-sequencer': [ '27.5.1' ],
61 silly audit   '@jest/transform': [ '27.5.1' ],
61 silly audit   '@jest/types': [ '27.5.1', '28.1.3' ],
61 silly audit   '@jridgewell/gen-mapping': [ '0.3.8' ],
61 silly audit   '@jridgewell/resolve-uri': [ '3.1.2' ],
61 silly audit   '@jridgewell/set-array': [ '1.2.1' ],
61 silly audit   '@jridgewell/source-map': [ '0.3.6' ],
61 silly audit   '@jridgewell/sourcemap-codec': [ '1.5.0' ],
61 silly audit   '@jridgewell/trace-mapping': [ '0.3.25' ],
61 silly audit   '@leichtgewicht/ip-codec': [ '2.0.5' ],
61 silly audit   '@mui/core-downloads-tracker': [ '7.0.1' ],
61 silly audit   '@mui/icons-material': [ '7.0.1' ],
61 silly audit   '@mui/material': [ '7.0.1' ],
61 silly audit   'react-is': [ '19.1.0', '16.13.1', '18.3.1', '17.0.2' ],
61 silly audit   '@mui/private-theming': [ '7.0.1' ],
61 silly audit   '@mui/styled-engine': [ '7.0.1' ],
61 silly audit   '@mui/system': [ '7.0.1' ],
61 silly audit   '@mui/types': [ '7.4.0' ],
61 silly audit   '@mui/utils': [ '7.0.1' ],
61 silly audit   '@nicolo-ribaudo/eslint-scope-5-internals': [ '5.1.1-v1' ],
61 silly audit   'eslint-scope': [ '5.1.1', '7.2.2' ],
61 silly audit   estraverse: [ '4.3.0', '5.3.0' ],
61 silly audit   '@nodelib/fs.scandir': [ '2.1.5' ],
61 silly audit   '@nodelib/fs.stat': [ '2.0.5' ],
61 silly audit   '@nodelib/fs.walk': [ '1.2.8' ],
61 silly audit   '@pkgjs/parseargs': [ '0.11.0' ],
61 silly audit   '@pmmmwh/react-refresh-webpack-plugin': [ '0.5.16' ],
61 silly audit   '@popperjs/core': [ '2.11.8' ],
61 silly audit   '@reduxjs/toolkit': [ '2.6.1' ],
61 silly audit   immer: [ '10.1.1', '9.0.21' ],
61 silly audit   '@rollup/plugin-babel': [ '5.3.1' ],
61 silly audit   '@rollup/plugin-node-resolve': [ '15.3.1', '11.2.1' ],
61 silly audit   '@rollup/pluginutils': [ '5.1.4', '3.1.0' ],
61 silly audit   'estree-walker': [ '2.0.2', '1.0.1' ],
61 silly audit   picomatch: [ '4.0.2', '2.3.1' ],
61 silly audit   '@rollup/plugin-replace': [ '2.4.2' ],
61 silly audit   '@rollup/plugin-terser': [ '0.4.4' ],
61 silly audit   '@types/estree': [ '0.0.39', '1.0.7' ],
61 silly audit   '@rtsao/scc': [ '1.1.0' ],
61 silly audit   '@rushstack/eslint-patch': [ '1.11.0' ],
61 silly audit   '@sinclair/typebox': [ '0.24.51' ],
61 silly audit   '@sindresorhus/is': [ '0.14.0' ],
61 silly audit   '@sinonjs/commons': [ '1.8.6' ],
61 silly audit   '@sinonjs/fake-timers': [ '8.1.0' ],
61 silly audit   '@surma/rollup-plugin-off-main-thread': [ '2.2.3' ],
61 silly audit   '@svgr/babel-plugin-add-jsx-attribute': [ '5.4.0' ],
61 silly audit   '@svgr/babel-plugin-remove-jsx-attribute': [ '5.4.0' ],
61 silly audit   '@svgr/babel-plugin-remove-jsx-empty-expression': [ '5.0.1' ],
61 silly audit   '@svgr/babel-plugin-replace-jsx-attribute-value': [ '5.0.1' ],
61 silly audit   '@svgr/babel-plugin-svg-dynamic-title': [ '5.4.0' ],
61 silly audit   '@svgr/babel-plugin-svg-em-dimensions': [ '5.4.0' ],
61 silly audit   '@svgr/babel-plugin-transform-react-native-svg': [ '5.4.0' ],
61 silly audit   '@svgr/babel-plugin-transform-svg-component': [ '5.5.0' ],
61 silly audit   '@svgr/babel-preset': [ '5.5.0' ],
61 silly audit   '@svgr/core': [ '5.5.0' ],
61 silly audit   '@svgr/hast-util-to-babel-ast': [ '5.5.0' ],
61 silly audit   '@svgr/plugin-jsx': [ '5.5.0' ],
61 silly audit   '@svgr/plugin-svgo': [ '5.5.0' ],
61 silly audit   '@svgr/webpack': [ '5.5.0' ],
61 silly audit   '@szmarczak/http-timer': [ '1.1.2' ],
61 silly audit   '@testing-library/dom': [ '10.4.0' ],
61 silly audit   'aria-query': [ '5.3.0', '5.3.2' ],
61 silly audit   '@testing-library/jest-dom': [ '6.6.3' ],
61 silly audit   chalk: [ '3.0.0', '4.1.2', '2.4.2' ],
61 silly audit   'dom-accessibility-api': [ '0.6.3', '0.5.16' ],
61 silly audit   '@testing-library/react': [ '16.3.0' ],
61 silly audit   '@testing-library/user-event': [ '13.5.0' ],
61 silly audit   '@tootallnate/once': [ '1.1.2' ],
61 silly audit   '@trysound/sax': [ '0.2.0' ],
61 silly audit   '@types/aria-query': [ '5.0.4' ],
61 silly audit   '@types/babel__core': [ '7.20.5' ],
61 silly audit   '@types/babel__generator': [ '7.27.0' ],
61 silly audit   '@types/babel__template': [ '7.4.4' ],
61 silly audit   '@types/babel__traverse': [ '7.20.7' ],
61 silly audit   '@types/body-parser': [ '1.19.5' ],
61 silly audit   '@types/bonjour': [ '3.5.13' ],
61 silly audit   '@types/connect': [ '3.4.38' ],
61 silly audit   '@types/connect-history-api-fallback': [ '1.5.4' ],
61 silly audit   '@types/eslint': [ '8.56.12' ],
61 silly audit   '@types/eslint-scope': [ '3.7.7' ],
61 silly audit   '@types/express': [ '4.17.21' ],
61 silly audit   '@types/express-serve-static-core': [ '5.0.6', '4.19.6' ],
61 silly audit   '@types/graceful-fs': [ '4.1.9' ],
61 silly audit   '@types/hoist-non-react-statics': [ '3.3.6' ],
61 silly audit   '@types/html-minifier-terser': [ '6.1.0' ],
61 silly audit   '@types/http-errors': [ '2.0.4' ],
61 silly audit   '@types/http-proxy': [ '1.17.16' ],
61 silly audit   '@types/istanbul-lib-coverage': [ '2.0.6' ],
61 silly audit   '@types/istanbul-lib-report': [ '3.0.3' ],
61 silly audit   '@types/istanbul-reports': [ '3.0.4' ],
61 silly audit   '@types/jest': [ '27.5.2' ],
61 silly audit   '@types/json-schema': [ '7.0.15' ],
61 silly audit   '@types/json5': [ '0.0.29' ],
61 silly audit   '@types/mime': [ '1.3.5' ],
61 silly audit   '@types/minimist': [ '1.2.5' ],
61 silly audit   '@types/node': [ '16.18.126' ],
61 silly audit   '@types/node-forge': [ '1.3.11' ],
61 silly audit   '@types/normalize-package-data': [ '2.4.4' ],
61 silly audit   '@types/parse-json': [ '4.0.2' ],
61 silly audit   '@types/prettier': [ '2.7.3' ],
61 silly audit   '@types/prop-types': [ '15.7.14' ],
61 silly audit   '@types/q': [ '1.5.8' ],
61 silly audit   '@types/qs': [ '6.9.18' ],
61 silly audit   '@types/range-parser': [ '1.2.7' ],
61 silly audit   '@types/react': [ '19.1.0' ],
61 silly audit   '@types/react-dom': [ '19.1.1' ],
61 silly audit   '@types/react-redux': [ '7.1.34' ],
61 silly audit   redux: [ '4.2.1', '5.0.1' ],
61 silly audit   '@types/react-transition-group': [ '4.4.12' ],
61 silly audit   '@types/resolve': [ '1.20.2', '1.17.1' ],
61 silly audit   '@types/retry': [ '0.12.0' ],
61 silly audit   '@types/semver': [ '7.7.0' ],
61 silly audit   '@types/send': [ '0.17.4' ],
61 silly audit   '@types/serve-index': [ '1.9.4' ],
61 silly audit   '@types/serve-static': [ '1.15.7' ],
61 silly audit   '@types/sockjs': [ '0.3.36' ],
61 silly audit   '@types/stack-utils': [ '2.0.3' ],
61 silly audit   '@types/trusted-types': [ '2.0.7' ],
61 silly audit   '@types/use-sync-external-store': [ '0.0.6' ],
61 silly audit   '@types/workbox-webpack-plugin': [ '5.1.8' ],
61 silly audit   '@types/ws': [ '8.18.1' ],
61 silly audit   '@types/yargs': [ '16.0.9', '17.0.33' ],
61 silly audit   '@types/yargs-parser': [ '21.0.3' ],
61 silly audit   '@typescript-eslint/eslint-plugin': [ '5.62.0' ],
61 silly audit   '@typescript-eslint/experimental-utils': [ '5.62.0' ],
61 silly audit   '@typescript-eslint/parser': [ '5.62.0' ],
61 silly audit   '@typescript-eslint/scope-manager': [ '5.62.0' ],
61 silly audit   '@typescript-eslint/type-utils': [ '5.62.0' ],
61 silly audit   '@typescript-eslint/types': [ '5.62.0' ],
61 silly audit   '@typescript-eslint/typescript-estree': [ '5.62.0' ],
61 silly audit   '@typescript-eslint/utils': [ '5.62.0' ],
61 silly audit   '@typescript-eslint/visitor-keys': [ '5.62.0' ],
61 silly audit   '@ungap/structured-clone': [ '1.3.0' ],
61 silly audit   '@webassemblyjs/ast': [ '1.14.1' ],
61 silly audit   '@webassemblyjs/floating-point-hex-parser': [ '1.13.2' ],
61 silly audit   '@webassemblyjs/helper-api-error': [ '1.13.2' ],
61 silly audit   '@webassemblyjs/helper-buffer': [ '1.14.1' ],
61 silly audit   '@webassemblyjs/helper-numbers': [ '1.13.2' ],
61 silly audit   '@webassemblyjs/helper-wasm-bytecode': [ '1.13.2' ],
61 silly audit   '@webassemblyjs/helper-wasm-section': [ '1.14.1' ],
61 silly audit   '@webassemblyjs/ieee754': [ '1.13.2' ],
61 silly audit   '@webassemblyjs/leb128': [ '1.13.2' ],
61 silly audit   '@webassemblyjs/utf8': [ '1.13.2' ],
61 silly audit   '@webassemblyjs/wasm-edit': [ '1.14.1' ],
61 silly audit   '@webassemblyjs/wasm-gen': [ '1.14.1' ],
61 silly audit   '@webassemblyjs/wasm-opt': [ '1.14.1' ],
61 silly audit   '@webassemblyjs/wasm-parser': [ '1.14.1' ],
61 silly audit   '@webassemblyjs/wast-printer': [ '1.14.1' ],
61 silly audit   '@xtuc/ieee754': [ '1.2.0' ],
61 silly audit   '@xtuc/long': [ '4.2.2' ],
61 silly audit   abab: [ '2.0.6' ],
61 silly audit   accepts: [ '1.3.8' ],
61 silly audit   negotiator: [ '0.6.3', '0.6.4' ],
61 silly audit   acorn: [ '8.14.1', '7.4.1' ],
61 silly audit   'acorn-globals': [ '6.0.0' ],
61 silly audit   'acorn-jsx': [ '5.3.2' ],
61 silly audit   'acorn-walk': [ '7.2.0' ],
61 silly audit   address: [ '1.2.2' ],
61 silly audit   'adjust-sourcemap-loader': [ '4.0.0' ],
61 silly audit   'agent-base': [ '6.0.2' ],
61 silly audit   ajv: [ '6.12.6', '8.17.1' ],
61 silly audit   'ajv-formats': [ '2.1.1' ],
61 silly audit   'json-schema-traverse': [ '1.0.0', '0.4.1' ],
61 silly audit   'ajv-keywords': [ '3.5.2', '5.1.0' ],
61 silly audit   'ansi-align': [ '3.0.1' ],
61 silly audit   'ansi-escapes': [ '4.3.2' ],
61 silly audit   'ansi-html': [ '0.0.9' ],
61 silly audit   'ansi-html-community': [ '0.0.8' ],
61 silly audit   'any-promise': [ '1.3.0' ],
61 silly audit   anymatch: [ '3.1.3' ],
61 silly audit   arg: [ '5.0.2' ],
61 silly audit   'array-buffer-byte-length': [ '1.0.2' ],
61 silly audit   'array-flatten': [ '1.1.1' ],
61 silly audit   'array-includes': [ '3.1.8' ],
61 silly audit   'array-union': [ '2.1.0' ],
61 silly audit   'array.prototype.findlast': [ '1.2.5' ],
61 silly audit   'array.prototype.findlastindex': [ '1.2.6' ],
61 silly audit   'array.prototype.flat': [ '1.3.3' ],
61 silly audit   'array.prototype.flatmap': [ '1.3.3' ],
61 silly audit   'array.prototype.reduce': [ '1.0.8' ],
61 silly audit   'array.prototype.tosorted': [ '1.1.4' ],
61 silly audit   'arraybuffer.prototype.slice': [ '1.0.4' ],
61 silly audit   arrify: [ '1.0.1' ],
61 silly audit   asap: [ '2.0.6' ],
61 silly audit   'ast-types-flow': [ '0.0.8' ],
61 silly audit   async: [ '3.2.6' ],
61 silly audit   'async-function': [ '1.0.0' ],
61 silly audit   asynckit: [ '0.4.0' ],
61 silly audit   'at-least-node': [ '1.0.0' ],
61 silly audit   autoprefixer: [ '10.4.21' ],
61 silly audit   'available-typed-arrays': [ '1.0.7' ],
61 silly audit   'axe-core': [ '4.10.3' ],
61 silly audit   'axobject-query': [ '4.1.0' ],
61 silly audit   'babel-jest': [ '27.5.1' ],
61 silly audit   'babel-loader': [ '8.4.1' ],
61 silly audit   'schema-utils': [ '2.7.1', '3.3.0', '2.7.0', '4.3.0' ],
61 silly audit   'babel-plugin-istanbul': [ '6.1.1' ],
61 silly audit   'babel-plugin-jest-hoist': [ '27.5.1' ],
61 silly audit   'babel-plugin-macros': [ '3.1.0' ],
61 silly audit   'babel-plugin-named-asset-import': [ '0.3.8' ],
61 silly audit   'babel-plugin-polyfill-corejs2': [ '0.4.13' ],
61 silly audit   'babel-plugin-polyfill-corejs3': [ '0.11.1' ],
61 silly audit   'babel-plugin-polyfill-regenerator': [ '0.6.4' ],
61 silly audit   'babel-plugin-transform-react-remove-prop-types': [ '0.4.24' ],
61 silly audit   'babel-preset-current-node-syntax': [ '1.1.0' ],
61 silly audit   'babel-preset-jest': [ '27.5.1' ],
61 silly audit   'babel-preset-react-app': [ '10.1.0' ],
61 silly audit   'balanced-match': [ '1.0.2' ],
61 silly audit   'base64-js': [ '1.5.1' ],
61 silly audit   batch: [ '0.6.1' ],
61 silly audit   bfj: [ '7.1.0' ],
61 silly audit   'big.js': [ '5.2.2' ],
61 silly audit   'binary-extensions': [ '2.3.0' ],
61 silly audit   bl: [ '4.1.0' ],
61 silly audit   bluebird: [ '3.7.2' ],
61 silly audit   'body-parser': [ '1.20.3' ],
61 silly audit   debug: [ '2.6.9', '4.4.0', '3.2.7' ],
61 silly audit   'iconv-lite': [ '0.4.24', '0.6.3' ],
61 silly audit   ms: [ '2.0.0', '2.1.3' ],
61 silly audit   'bonjour-service': [ '1.3.0' ],
61 silly audit   boolbase: [ '1.0.0' ],
61 silly audit   boxen: [ '4.2.0' ],
61 silly audit   'brace-expansion': [ '1.1.11', '2.0.1' ],
61 silly audit   braces: [ '3.0.3' ],
61 silly audit   'browser-process-hrtime': [ '1.0.0' ],
61 silly audit   browserslist: [ '4.24.4' ],
61 silly audit   bser: [ '2.1.1' ],
61 silly audit   buffer: [ '5.7.1' ],
61 silly audit   'buffer-from': [ '1.1.2' ],
61 silly audit   'builtin-modules': [ '3.3.0' ],
61 silly audit   bytes: [ '3.1.2' ],
61 silly audit   'cacheable-request': [ '6.1.0' ],
61 silly audit   'get-stream': [ '5.2.0', '6.0.1', '4.1.0' ],
61 silly audit   'json-buffer': [ '3.0.0', '3.0.1' ],
61 silly audit   keyv: [ '3.1.0', '4.5.4' ],
61 silly audit   'lowercase-keys': [ '2.0.0', '1.0.1' ],
61 silly audit   'normalize-url': [ '4.5.1', '6.1.0' ],
61 silly audit   'call-bind': [ '1.0.8' ],
61 silly audit   'call-bind-apply-helpers': [ '1.0.2' ],
61 silly audit   'call-bound': [ '1.0.4' ],
61 silly audit   callsites: [ '3.1.0' ],
61 silly audit   'camel-case': [ '4.1.2' ],
61 silly audit   'camelcase-css': [ '2.0.1' ],
61 silly audit   'camelcase-keys': [ '6.2.2' ],
61 silly audit   'caniuse-api': [ '3.0.0' ],
61 silly audit   'caniuse-lite': [ '1.0.30001710' ],
61 silly audit   'case-sensitive-paths-webpack-plugin': [ '2.4.0' ],
61 silly audit   'char-regex': [ '1.0.2', '2.0.2' ],
61 silly audit   chardet: [ '0.7.0' ],
61 silly audit   'check-types': [ '11.2.3' ],
61 silly audit   chokidar: [ '3.6.0' ],
61 silly audit   'glob-parent': [ '5.1.2', '6.0.2' ],
61 silly audit   'chrome-trace-event': [ '1.0.4' ],
61 silly audit   'ci-info': [ '3.9.0', '2.0.0' ],
61 silly audit   'cjs-module-lexer': [ '1.4.3' ],
61 silly audit   'clean-css': [ '5.3.3' ],
61 silly audit   'cli-boxes': [ '2.2.1' ],
61 silly audit   'cli-cursor': [ '3.1.0' ],
61 silly audit   'cli-spinners': [ '2.9.2' ],
61 silly audit   'cli-width': [ '3.0.0' ],
61 silly audit   cliui: [ '7.0.4' ],
61 silly audit   clone: [ '1.0.4' ],
61 silly audit   'clone-response': [ '1.0.3' ],
61 silly audit   clsx: [ '2.1.1' ],
61 silly audit   co: [ '4.6.0' ],
61 silly audit   coa: [ '2.0.2' ],
61 silly audit   'color-convert': [ '1.9.3', '2.0.1' ],
61 silly audit   'color-name': [ '1.1.3', '1.1.4' ],
61 silly audit   'escape-string-regexp': [ '1.0.5', '4.0.0', '2.0.0' ],
61 silly audit   'has-flag': [ '3.0.0', '4.0.0' ],
61 silly audit   'supports-color': [ '5.5.0', '8.1.1', '7.2.0' ],
61 silly audit   'collect-v8-coverage': [ '1.0.2' ],
61 silly audit   colord: [ '2.9.3' ],
61 silly audit   colorette: [ '2.0.20' ],
61 silly audit   'combined-stream': [ '1.0.8' ],
61 silly audit   commander: [ '8.3.0', '7.2.0', '4.1.1', '2.20.3' ],
61 silly audit   'common-tags': [ '1.8.2' ],
61 silly audit   commondir: [ '1.0.1' ],
61 silly audit   compressible: [ '2.0.18' ],
61 silly audit   compression: [ '1.8.0' ],
61 silly audit   'concat-map': [ '0.0.1' ],
61 silly audit   configstore: [ '5.0.1' ],
61 silly audit   'confusing-browser-globals': [ '1.0.11' ],
61 silly audit   'connect-history-api-fallback': [ '2.0.0' ],
61 silly audit   'content-disposition': [ '0.5.4' ],
61 silly audit   'content-type': [ '1.0.5' ],
61 silly audit   cookie: [ '0.7.1', '1.0.2' ],
61 silly audit   'cookie-signature': [ '1.0.6' ],
61 silly audit   'core-js': [ '3.41.0' ],
61 silly audit   'core-js-compat': [ '3.41.0' ],
61 silly audit   'core-js-pure': [ '3.41.0' ],
61 silly audit   'core-util-is': [ '1.0.3' ],
61 silly audit   cosmiconfig: [ '7.1.0', '6.0.0' ],
61 silly audit   'cross-spawn': [ '7.0.6' ],
61 silly audit   'crypto-random-string': [ '2.0.0' ],
61 silly audit   'css-blank-pseudo': [ '3.0.3' ],
61 silly audit   'css-declaration-sorter': [ '6.4.1' ],
61 silly audit   'css-has-pseudo': [ '3.0.4' ],
61 silly audit   'css-loader': [ '6.11.0' ],
61 silly audit   'css-minimizer-webpack-plugin': [ '3.4.1' ],
61 silly audit   'css-prefers-color-scheme': [ '6.0.3' ],
61 silly audit   'css-select': [ '4.3.0', '2.1.0' ],
61 silly audit   'css-select-base-adapter': [ '0.1.1' ],
61 silly audit   'css-tree': [ '1.0.0-alpha.37', '1.1.3' ],
61 silly audit   'css-what': [ '6.1.0', '3.4.2' ],
61 silly audit   'css.escape': [ '1.5.1' ],
61 silly audit   cssdb: [ '7.11.2' ],
61 silly audit   cssesc: [ '3.0.0' ],
61 silly audit   cssnano: [ '5.1.15' ],
61 silly audit   'cssnano-preset-default': [ '5.2.14' ],
61 silly audit   'cssnano-utils': [ '3.1.0' ],
61 silly audit   csso: [ '4.2.0' ],
61 silly audit   'mdn-data': [ '2.0.14', '2.0.4' ],
61 silly audit   cssom: [ '0.4.4', '0.3.8' ],
61 silly audit   cssstyle: [ '2.3.0' ],
61 silly audit   csstype: [ '3.1.3' ],
61 silly audit   'customize-cra': [ '1.0.0' ],
61 silly audit   'damerau-levenshtein': [ '1.0.8' ],
61 silly audit   'data-urls': [ '2.0.0' ],
61 silly audit   'data-view-buffer': [ '1.0.2' ],
61 silly audit   'data-view-byte-length': [ '1.0.2' ],
61 silly audit   'data-view-byte-offset': [ '1.0.1' ],
61 silly audit   decamelize: [ '1.2.0' ],
61 silly audit   'decamelize-keys': [ '1.1.1' ],
61 silly audit   'map-obj': [ '1.0.1', '4.3.0' ],
61 silly audit   'decimal.js': [ '10.5.0' ],
61 silly audit   'decompress-response': [ '3.3.0' ],
61 silly audit   dedent: [ '0.7.0' ],
61 silly audit   'deep-extend': [ '0.6.0' ],
61 silly audit   'deep-is': [ '0.1.4' ],
61 silly audit   deepmerge: [ '4.3.1' ],
61 silly audit   'default-gateway': [ '6.0.3' ],
61 silly audit   defaults: [ '1.0.4' ],
61 silly audit   'defer-to-connect': [ '1.1.3' ],
61 silly audit   'define-data-property': [ '1.1.4' ],
61 silly audit   'define-lazy-prop': [ '2.0.0' ],
61 silly audit   'define-properties': [ '1.2.1' ],
61 silly audit   'delayed-stream': [ '1.0.0' ],
61 silly audit   depd: [ '2.0.0', '1.1.2' ],
61 silly audit   dequal: [ '2.0.3' ],
61 silly audit   destroy: [ '1.2.0' ],
61 silly audit   'detect-newline': [ '3.1.0' ],
61 silly audit   'detect-node': [ '2.1.0' ],
61 silly audit   'detect-port-alt': [ '1.1.6' ],
61 silly audit   didyoumean: [ '1.2.2' ],
61 silly audit   'diff-sequences': [ '27.5.1' ],
61 silly audit   'dir-glob': [ '3.0.1' ],
61 silly audit   dlv: [ '1.1.3' ],
61 silly audit   'dns-packet': [ '5.6.1' ],
61 silly audit   doctrine: [ '3.0.0', '2.1.0' ],
61 silly audit   'dom-converter': [ '0.2.0' ],
61 silly audit   'dom-helpers': [ '5.2.1' ],
61 silly audit   'dom-serializer': [ '1.4.1', '0.2.2' ],
61 silly audit   domelementtype: [ '2.3.0', '1.3.1' ],
61 silly audit   domexception: [ '2.0.1' ],
61 silly audit   'webidl-conversions': [ '5.0.0', '4.0.2', '6.1.0' ],
61 silly audit   domhandler: [ '4.3.1' ],
61 silly audit   domutils: [ '2.8.0', '1.7.0' ],
61 silly audit   'dot-case': [ '3.0.4' ],
61 silly audit   'dot-prop': [ '5.3.0' ],
61 silly audit   'is-obj': [ '2.0.0', '1.0.1' ],
61 silly audit   dotenv: [ '10.0.0' ],
61 silly audit   'dotenv-expand': [ '5.1.0' ],
61 silly audit   'dunder-proto': [ '1.0.1' ],
61 silly audit   duplexer: [ '0.1.2' ],
61 silly audit   duplexer3: [ '0.1.5' ],
61 silly audit   eastasianwidth: [ '0.2.0' ],
61 silly audit   'ee-first': [ '1.1.1' ],
61 silly audit   ejs: [ '3.1.10' ],
61 silly audit   'electron-to-chromium': [ '1.5.131' ],
61 silly audit   emittery: [ '0.8.1', '0.10.2' ],
61 silly audit   'emoji-regex': [ '9.2.2', '8.0.0' ],
61 silly audit   'emojis-list': [ '3.0.0' ],
61 silly audit   encodeurl: [ '2.0.0', '1.0.2' ],
61 silly audit   'end-of-stream': [ '1.4.4' ],
61 silly audit   'enhanced-resolve': [ '5.18.1' ],
61 silly audit   entities: [ '2.2.0' ],
61 silly audit   'error-ex': [ '1.3.2' ],
61 silly audit   'error-stack-parser': [ '2.1.4' ],
61 silly audit   'es-abstract': [ '1.23.9' ],
61 silly audit   'es-array-method-boxes-properly': [ '1.0.0' ],
61 silly audit   'es-define-property': [ '1.0.1' ],
61 silly audit   'es-errors': [ '1.3.0' ],
61 silly audit   'es-iterator-helpers': [ '1.2.1' ],
61 silly audit   'es-module-lexer': [ '1.6.0' ],
61 silly audit   'es-object-atoms': [ '1.1.1' ],
61 silly audit   'es-set-tostringtag': [ '2.1.0' ],
61 silly audit   'es-shim-unscopables': [ '1.1.0' ],
61 silly audit   'es-to-primitive': [ '1.3.0' ],
61 silly audit   escalade: [ '3.2.0' ],
61 silly audit   'escape-goat': [ '2.1.1' ],
61 silly audit   'escape-html': [ '1.0.3' ],
61 silly audit   escodegen: [ '2.1.0', '1.14.3' ],
61 silly audit   eslint: [ '8.57.1' ],
61 silly audit   'eslint-config-react-app': [ '7.0.1' ],
61 silly audit   'eslint-import-resolver-node': [ '0.3.9' ],
61 silly audit   'eslint-module-utils': [ '2.12.0' ],
61 silly audit   'eslint-plugin-flowtype': [ '8.0.3' ],
61 silly audit   'eslint-plugin-import': [ '2.31.0' ],
61 silly audit   'eslint-plugin-jest': [ '25.7.0' ],
61 silly audit   'eslint-plugin-jsx-a11y': [ '6.10.2' ],
61 silly audit   'eslint-plugin-react': [ '7.37.5' ],
61 silly audit   'eslint-plugin-react-hooks': [ '4.6.2' ],
61 silly audit   resolve: [ '2.0.0-next.5', '1.22.10' ],
61 silly audit   'eslint-plugin-testing-library': [ '5.11.1' ],
61 silly audit   'eslint-webpack-plugin': [ '3.2.0' ],
61 silly audit   'jest-worker': [ '28.1.3', '27.5.1', '26.6.2' ],
61 silly audit   'find-up': [ '5.0.0', '4.1.0', '3.0.0' ],
61 silly audit   'locate-path': [ '6.0.0', '5.0.0', '3.0.0' ],
61 silly audit   'p-limit': [ '3.1.0', '2.3.0' ],
61 silly audit   'p-locate': [ '5.0.0', '4.1.0', '3.0.0' ],
61 silly audit   espree: [ '9.6.1' ],
61 silly audit   esprima: [ '4.0.1', '1.2.2' ],
61 silly audit   esquery: [ '1.6.0' ],
61 silly audit   esrecurse: [ '4.3.0' ],
61 silly audit   esutils: [ '2.0.3' ],
61 silly audit   etag: [ '1.8.1' ],
61 silly audit   eventemitter3: [ '4.0.7' ],
61 silly audit   events: [ '3.3.0' ],
61 silly audit   execa: [ '5.1.1' ],
61 silly audit   exit: [ '0.1.2' ],
61 silly audit   expect: [ '27.5.1' ],
61 silly audit   express: [ '4.21.2' ],
61 silly audit   'external-editor': [ '3.1.0' ],
61 silly audit   'fast-deep-equal': [ '3.1.3' ],
61 silly audit   'fast-glob': [ '3.3.3' ],
61 silly audit   'fast-json-stable-stringify': [ '2.1.0' ],
61 silly audit   'fast-levenshtein': [ '2.0.6' ],
61 silly audit   'fast-uri': [ '3.0.6' ],
61 silly audit   fastq: [ '1.19.1' ],
61 silly audit   'faye-websocket': [ '0.11.4' ],
61 silly audit   'fb-watchman': [ '2.0.2' ],
61 silly audit   figures: [ '3.2.0' ],
61 silly audit   'file-entry-cache': [ '6.0.1' ],
61 silly audit   'file-loader': [ '6.2.0' ],
61 silly audit   filelist: [ '1.0.4' ],
61 silly audit   minimatch: [ '5.1.6', '3.1.2', '9.0.5' ],
61 silly audit   filesize: [ '8.0.7' ],
61 silly audit   'fill-range': [ '7.1.1' ],
61 silly audit   finalhandler: [ '1.3.1' ],
61 silly audit   'find-cache-dir': [ '3.3.2' ],
61 silly audit   'find-root': [ '1.1.0' ],
61 silly audit   'flat-cache': [ '3.2.0' ],
61 silly audit   flatted: [ '3.3.3' ],
61 silly audit   'follow-redirects': [ '1.15.9' ],
61 silly audit   'for-each': [ '0.3.5' ],
61 silly audit   'foreground-child': [ '3.3.1' ],
61 silly audit   'signal-exit': [ '4.1.0', '3.0.7' ],
61 silly audit   'fork-ts-checker-webpack-plugin': [ '6.5.3' ],
61 silly audit   'fs-extra': [ '9.1.0', '10.1.0' ],
61 silly audit   tapable: [ '1.1.3', '2.2.1' ],
61 silly audit   'form-data': [ '3.0.3' ],
61 silly audit   forwarded: [ '0.2.0' ],
61 silly audit   'fraction.js': [ '4.3.7' ],
61 silly audit   fresh: [ '0.5.2' ],
61 silly audit   'fs-monkey': [ '1.0.6' ],
61 silly audit   'fs.realpath': [ '1.0.0' ],
61 silly audit   fsevents: [ '2.3.3' ],
61 silly audit   'function-bind': [ '1.1.2' ],
61 silly audit   'function.prototype.name': [ '1.1.8' ],
61 silly audit   'functions-have-names': [ '1.2.3' ],
61 silly audit   gensync: [ '1.0.0-beta.2' ],
61 silly audit   'get-caller-file': [ '2.0.5' ],
61 silly audit   'get-intrinsic': [ '1.3.0' ],
61 silly audit   'get-own-enumerable-property-symbols': [ '3.0.2' ],
61 silly audit   'get-package-type': [ '0.1.0' ],
61 silly audit   'get-proto': [ '1.0.1' ],
61 silly audit   'get-symbol-description': [ '1.1.0' ],
61 silly audit   glob: [ '7.2.3', '10.4.5' ],
61 silly audit   'glob-to-regexp': [ '0.4.1' ],
61 silly audit   'global-dirs': [ '2.1.0' ],
61 silly audit   ini: [ '1.3.7', '1.3.8' ],
61 silly audit   'global-modules': [ '2.0.0' ],
61 silly audit   'global-prefix': [ '3.0.0' ],
61 silly audit   which: [ '1.3.1', '2.0.2' ],
61 silly audit   globalthis: [ '1.0.4' ],
61 silly audit   globby: [ '11.1.0' ],
61 silly audit   gopd: [ '1.2.0' ],
61 silly audit   got: [ '9.6.0' ],
61 silly audit   'graceful-fs': [ '4.2.11' ],
61 silly audit   graphemer: [ '1.4.0' ],
61 silly audit   'gzip-size': [ '6.0.0' ],
61 silly audit   'handle-thing': [ '2.0.1' ],
61 silly audit   'hard-rejection': [ '2.1.0' ],
61 silly audit   'harmony-reflect': [ '1.6.2' ],
61 silly audit   'has-bigints': [ '1.1.0' ],
61 silly audit   'has-property-descriptors': [ '1.0.2' ],
61 silly audit   'has-proto': [ '1.2.0' ],
61 silly audit   'has-symbols': [ '1.1.0' ],
61 silly audit   'has-tostringtag': [ '1.0.2' ],
61 silly audit   'has-yarn': [ '2.1.0' ],
61 silly audit   hasown: [ '2.0.2' ],
61 silly audit   he: [ '1.2.0' ],
61 silly audit   'hoist-non-react-statics': [ '3.3.2' ],
61 silly audit   hoopy: [ '0.1.4' ],
61 silly audit   'hosted-git-info': [ '2.8.9' ],
61 silly audit   'hpack.js': [ '2.1.6' ],
61 silly audit   isarray: [ '1.0.0', '2.0.5' ],
61 silly audit   'readable-stream': [ '2.3.8', '3.6.2' ],
61 silly audit   'safe-buffer': [ '5.1.2', '5.2.1' ],
61 silly audit   string_decoder: [ '1.1.1', '1.3.0' ],
61 silly audit   'html-encoding-sniffer': [ '2.0.1' ],
61 silly audit   'html-entities': [ '2.6.0' ],
61 silly audit   'html-escaper': [ '2.0.2' ],
61 silly audit   'html-minifier-terser': [ '6.1.0' ],
61 silly audit   'html-parse-stringify': [ '3.0.1' ],
61 silly audit   'html-webpack-plugin': [ '5.6.3' ],
61 silly audit   htmlparser2: [ '6.1.0' ],
61 silly audit   'http-cache-semantics': [ '4.1.1' ],
61 silly audit   'http-deceiver': [ '1.2.7' ],
61 silly audit   'http-errors': [ '2.0.0', '1.6.3' ],
61 silly audit   'http-parser-js': [ '0.5.9' ],
61 silly audit   'http-proxy': [ '1.18.1' ],
61 silly audit   'http-proxy-agent': [ '4.0.1' ],
61 silly audit   'http-proxy-middleware': [ '2.0.7' ],
61 silly audit   'https-proxy-agent': [ '5.0.1' ],
61 silly audit   'human-signals': [ '2.1.0' ],
61 silly audit   i18next: [ '24.2.3' ],
61 silly audit   'icss-utils': [ '5.1.0' ],
61 silly audit   idb: [ '7.1.1' ],
61 silly audit   'identity-obj-proxy': [ '3.0.0' ],
61 silly audit   ieee754: [ '1.2.1' ],
61 silly audit   ignore: [ '5.3.2' ],
61 silly audit   'import-fresh': [ '3.3.1' ],
61 silly audit   'resolve-from': [ '4.0.0', '5.0.0' ],
61 silly audit   'import-lazy': [ '2.1.0' ],
61 silly audit   'import-local': [ '3.2.0' ],
61 silly audit   imurmurhash: [ '0.1.4' ],
61 silly audit   'indent-string': [ '4.0.0' ],
61 silly audit   inflight: [ '1.0.6' ],
61 silly audit   inherits: [ '2.0.4', '2.0.3' ],
61 silly audit   inquirer: [ '7.3.3' ],
61 silly audit   'internal-slot': [ '1.1.0' ],
61 silly audit   'ipaddr.js': [ '2.2.0', '1.9.1' ],
61 silly audit   'is-array-buffer': [ '3.0.5' ],
61 silly audit   'is-arrayish': [ '0.2.1' ],
61 silly audit   'is-async-function': [ '2.1.1' ],
61 silly audit   'is-bigint': [ '1.1.0' ],
61 silly audit   'is-binary-path': [ '2.1.0' ],
61 silly audit   'is-boolean-object': [ '1.2.2' ],
61 silly audit   'is-callable': [ '1.2.7' ],
61 silly audit   'is-ci': [ '2.0.0' ],
61 silly audit   'is-core-module': [ '2.16.1' ],
61 silly audit   'is-data-view': [ '1.0.2' ],
61 silly audit   'is-date-object': [ '1.1.0' ],
61 silly audit   'is-docker': [ '2.2.1' ],
61 silly audit   'is-extglob': [ '2.1.1' ],
61 silly audit   'is-finalizationregistry': [ '1.1.1' ],
61 silly audit   'is-fullwidth-code-point': [ '3.0.0' ],
61 silly audit   'is-generator-fn': [ '2.1.0' ],
61 silly audit   'is-generator-function': [ '1.1.0' ],
61 silly audit   'is-glob': [ '4.0.3' ],
61 silly audit   'is-installed-globally': [ '0.3.2' ],
61 silly audit   'is-interactive': [ '1.0.0' ],
61 silly audit   'is-map': [ '2.0.3' ],
61 silly audit   'is-module': [ '1.0.0' ],
61 silly audit   'is-npm': [ '4.0.0' ],
61 silly audit   'is-number': [ '7.0.0' ],
61 silly audit   'is-number-object': [ '1.1.1' ],
61 silly audit   'is-path-inside': [ '3.0.3' ],
61 silly audit   'is-plain-obj': [ '3.0.0', '1.1.0' ],
61 silly audit   'is-potential-custom-element-name': [ '1.0.1' ],
61 silly audit   'is-regex': [ '1.2.1' ],
61 silly audit   'is-regexp': [ '1.0.0' ],
61 silly audit   'is-root': [ '2.1.0' ],
61 silly audit   'is-set': [ '2.0.3' ],
61 silly audit   'is-shared-array-buffer': [ '1.0.4' ],
61 silly audit   'is-stream': [ '2.0.1' ],
61 silly audit   'is-string': [ '1.1.1' ],
61 silly audit   'is-symbol': [ '1.1.1' ],
61 silly audit   'is-typed-array': [ '1.1.15' ],
61 silly audit   'is-typedarray': [ '1.0.0' ],
61 silly audit   'is-unicode-supported': [ '0.1.0' ],
61 silly audit   'is-weakmap': [ '2.0.2' ],
61 silly audit   'is-weakref': [ '1.1.1' ],
61 silly audit   'is-weakset': [ '2.0.4' ],
61 silly audit   'is-wsl': [ '2.2.0' ],
61 silly audit   'is-yarn-global': [ '0.3.0' ],
61 silly audit   isexe: [ '2.0.0' ],
61 silly audit   'istanbul-lib-coverage': [ '3.2.2' ],
61 silly audit   'istanbul-lib-instrument': [ '5.2.1' ],
61 silly audit   'istanbul-lib-report': [ '3.0.1' ],
61 silly audit   'make-dir': [ '4.0.0', '3.1.0' ],
61 silly audit   'istanbul-lib-source-maps': [ '4.0.1' ],
61 silly audit   'istanbul-reports': [ '3.1.7' ],
61 silly audit   'iterator.prototype': [ '1.1.5' ],
61 silly audit   jackspeak: [ '3.4.3' ],
61 silly audit   jake: [ '10.9.2' ],
61 silly audit   jest: [ '27.5.1' ],
61 silly audit   'jest-changed-files': [ '27.5.1' ],
61 silly audit   'jest-circus': [ '27.5.1' ],
61 silly audit   'jest-cli': [ '27.5.1' ],
61 silly audit   'jest-config': [ '27.5.1' ],
61 silly audit   'jest-diff': [ '27.5.1' ],
61 silly audit   'jest-docblock': [ '27.5.1' ],
61 silly audit   'jest-each': [ '27.5.1' ],
61 silly audit   'jest-environment-jsdom': [ '27.5.1' ],
61 silly audit   'jest-environment-node': [ '27.5.1' ],
61 silly audit   'jest-get-type': [ '27.5.1' ],
61 silly audit   'jest-haste-map': [ '27.5.1' ],
61 silly audit   'jest-jasmine2': [ '27.5.1' ],
61 silly audit   'jest-leak-detector': [ '27.5.1' ],
61 silly audit   'jest-matcher-utils': [ '27.5.1' ],
61 silly audit   'jest-message-util': [ '27.5.1', '28.1.3' ],
61 silly audit   'jest-mock': [ '27.5.1' ],
61 silly audit   'jest-pnp-resolver': [ '1.2.3' ],
61 silly audit   'jest-regex-util': [ '27.5.1', '28.0.2' ],
61 silly audit   'jest-resolve': [ '27.5.1' ],
61 silly audit   'jest-resolve-dependencies': [ '27.5.1' ],
61 silly audit   'jest-runner': [ '27.5.1' ],
61 silly audit   'jest-runtime': [ '27.5.1' ],
61 silly audit   'jest-serializer': [ '27.5.1' ],
61 silly audit   'jest-snapshot': [ '27.5.1' ],
61 silly audit   'jest-util': [ '27.5.1', '28.1.3' ],
61 silly audit   'jest-validate': [ '27.5.1' ],
61 silly audit   'jest-watch-typeahead': [ '1.1.0' ],
61 silly audit   slash: [ '3.0.0', '4.0.0' ],
61 silly audit   'jest-watcher': [ '28.1.3', '27.5.1' ],
61 silly audit   'string-length': [ '4.0.2', '5.0.1' ],
61 silly audit   'pretty-format': [ '28.1.3', '27.5.1' ],
61 silly audit   jiti: [ '1.21.7' ],
61 silly audit   'js-tokens': [ '4.0.0' ],
61 silly audit   jsdom: [ '16.7.0' ],
61 silly audit   jsesc: [ '3.1.0', '3.0.2' ],
61 silly audit   'json-parse-even-better-errors': [ '2.3.1' ],
61 silly audit   'json-schema': [ '0.4.0' ],
61 silly audit   'json-stable-stringify-without-jsonify': [ '1.0.1' ],
61 silly audit   json5: [ '2.2.3', '1.0.2' ],
61 silly audit   jsonfile: [ '6.1.0' ],
61 silly audit   jsonpath: [ '1.1.1' ],
61 silly audit   jsonpointer: [ '5.0.1' ],
61 silly audit   'jsx-ast-utils': [ '3.3.5' ],
61 silly audit   'kind-of': [ '6.0.3' ],
61 silly audit   kleur: [ '3.0.3' ],
61 silly audit   klona: [ '2.0.6' ],
61 silly audit   'language-subtag-registry': [ '0.3.23' ],
61 silly audit   'language-tags': [ '1.0.9' ],
61 silly audit   'latest-version': [ '5.1.0' ],
61 silly audit   'launch-editor': [ '2.10.0' ],
61 silly audit   leven: [ '3.1.0' ],
61 silly audit   levn: [ '0.4.1', '0.3.0' ],
61 silly audit   lilconfig: [ '2.1.0', '3.1.3' ],
61 silly audit   'lines-and-columns': [ '1.2.4' ],
61 silly audit   'loader-runner': [ '4.3.0' ],
61 silly audit   'loader-utils': [ '2.0.4', '3.3.1' ],
61 silly audit   lodash: [ '4.17.21' ],
61 silly audit   'lodash.debounce': [ '4.0.8' ],
61 silly audit   'lodash.flow': [ '3.5.0' ],
61 silly audit   'lodash.memoize': [ '4.1.2' ],
61 silly audit   'lodash.merge': [ '4.6.2' ],
61 silly audit   'lodash.sortby': [ '4.7.0' ],
61 silly audit   'lodash.uniq': [ '4.5.0' ],
61 silly audit   'log-symbols': [ '4.1.0' ],
61 silly audit   'loose-envify': [ '1.4.0' ],
61 silly audit   'lower-case': [ '2.0.2' ],
61 silly audit   'lru-cache': [ '5.1.1', '10.4.3' ],
61 silly audit   'lz-string': [ '1.5.0' ],
61 silly audit   'magic-string': [ '0.25.9' ],
61 silly audit   makeerror: [ '1.0.12' ],
61 silly audit   'math-intrinsics': [ '1.1.0' ],
61 silly audit   'media-typer': [ '0.3.0' ],
61 silly audit   memfs: [ '3.5.3' ],
61 silly audit   meow: [ '7.1.1' ],
61 silly audit   'yargs-parser': [ '18.1.3', '20.2.9' ],
61 silly audit   'merge-descriptors': [ '1.0.3' ],
61 silly audit   'merge-stream': [ '2.0.0' ],
61 silly audit   merge2: [ '1.4.1' ],
61 silly audit   methods: [ '1.1.2' ],
61 silly audit   micromatch: [ '4.0.8' ],
61 silly audit   mime: [ '1.6.0' ],
61 silly audit   'mime-db': [ '1.52.0' ],
61 silly audit   'mime-types': [ '2.1.35' ],
61 silly audit   'mimic-fn': [ '2.1.0' ],
61 silly audit   'mimic-response': [ '1.0.1' ],
61 silly audit   'min-indent': [ '1.0.1' ],
61 silly audit   'mini-css-extract-plugin': [ '2.9.2' ],
61 silly audit   'minimalistic-assert': [ '1.0.1' ],
61 silly audit   minimist: [ '1.2.8' ],
61 silly audit   'minimist-options': [ '4.1.0' ],
61 silly audit   minipass: [ '7.1.2' ],
61 silly audit   mkdirp: [ '0.5.6' ],
61 silly audit   'multicast-dns': [ '7.2.5' ],
61 silly audit   'mute-stream': [ '0.0.8' ],
61 silly audit   mz: [ '2.7.0' ],
61 silly audit   nanoid: [ '3.3.11' ],
61 silly audit   'natural-compare': [ '1.4.0' ],
61 silly audit   'natural-compare-lite': [ '1.4.0' ],
61 silly audit   'neo-async': [ '2.6.2' ],
61 silly audit   'no-case': [ '3.0.4' ],
61 silly audit   'node-forge': [ '1.3.1' ],
61 silly audit   'node-int64': [ '0.4.0' ],
61 silly audit   'node-releases': [ '2.0.19' ],
61 silly audit   'normalize-package-data': [ '2.5.0' ],
61 silly audit   'normalize-path': [ '3.0.0' ],
61 silly audit   'normalize-range': [ '0.1.2' ],
61 silly audit   'npm-run-path': [ '4.0.1' ],
61 silly audit   'nth-check': [ '2.1.1', '1.0.2' ],
61 silly audit   nwsapi: [ '2.2.20' ],
61 silly audit   'object-assign': [ '4.1.1' ],
61 silly audit   'object-hash': [ '3.0.0' ],
61 silly audit   'object-inspect': [ '1.13.4' ],
61 silly audit   'object-keys': [ '1.1.1' ],
61 silly audit   'object.assign': [ '4.1.7' ],
61 silly audit   'object.entries': [ '1.1.9' ],
61 silly audit   'object.fromentries': [ '2.0.8' ],
61 silly audit   'object.getownpropertydescriptors': [ '2.1.8' ],
61 silly audit   'object.groupby': [ '1.0.3' ],
61 silly audit   'object.values': [ '1.2.1' ],
61 silly audit   obuf: [ '1.1.2' ],
61 silly audit   'on-finished': [ '2.4.1' ],
61 silly audit   'on-headers': [ '1.0.2' ],
61 silly audit   once: [ '1.4.0' ],
61 silly audit   onetime: [ '5.1.2' ],
61 silly audit   open: [ '8.4.2' ],
61 silly audit   optionator: [ '0.9.4', '0.8.3' ],
61 silly audit   ora: [ '5.4.1' ],
61 silly audit   'os-tmpdir': [ '1.0.2' ],
61 silly audit   'own-keys': [ '1.0.1' ],
61 silly audit   'p-cancelable': [ '1.1.0' ],
61 silly audit   'p-retry': [ '4.6.2' ],
61 silly audit   'p-try': [ '2.2.0' ],
61 silly audit   'package-json': [ '6.5.0' ],
61 silly audit   'package-json-from-dist': [ '1.0.1' ],
61 silly audit   'param-case': [ '3.0.4' ],
61 silly audit   'parent-module': [ '1.0.1' ],
61 silly audit   'parse-json': [ '5.2.0' ],
61 silly audit   parse5: [ '6.0.1' ],
61 silly audit   parseurl: [ '1.3.3' ],
61 silly audit   'pascal-case': [ '3.1.2' ],
61 silly audit   'path-exists': [ '4.0.0', '3.0.0' ],
61 silly audit   'path-is-absolute': [ '1.0.1' ],
61 silly audit   'path-key': [ '3.1.1' ],
61 silly audit   'path-parse': [ '1.0.7' ],
61 silly audit   'path-scurry': [ '1.11.1' ],
61 silly audit   'path-to-regexp': [ '0.1.12' ],
61 silly audit   'path-type': [ '4.0.0' ],
61 silly audit   'performance-now': [ '2.1.0' ],
61 silly audit   picocolors: [ '1.1.1', '0.2.1' ],
61 silly audit   pify: [ '2.3.0' ],
61 silly audit   pirates: [ '4.0.7' ],
61 silly audit   'pkg-dir': [ '4.2.0' ],
61 silly audit   'pkg-up': [ '3.1.0' ],
61 silly audit   'possible-typed-array-names': [ '1.1.0' ],
61 silly audit   postcss: [ '8.5.3', '7.0.39' ],
61 silly audit   'postcss-attribute-case-insensitive': [ '5.0.2' ],
61 silly audit   'postcss-browser-comments': [ '4.0.0' ],
61 silly audit   'postcss-calc': [ '8.2.4' ],
61 silly audit   'postcss-clamp': [ '4.1.0' ],
61 silly audit   'postcss-color-functional-notation': [ '4.2.4' ],
61 silly audit   'postcss-color-hex-alpha': [ '8.0.4' ],
61 silly audit   'postcss-color-rebeccapurple': [ '7.1.1' ],
61 silly audit   'postcss-colormin': [ '5.3.1' ],
61 silly audit   'postcss-convert-values': [ '5.1.3' ],
61 silly audit   'postcss-custom-media': [ '8.0.2' ],
61 silly audit   'postcss-custom-properties': [ '12.1.11' ],
61 silly audit   'postcss-custom-selectors': [ '6.0.3' ],
61 silly audit   'postcss-dir-pseudo-class': [ '6.0.5' ],
61 silly audit   'postcss-discard-comments': [ '5.1.2' ],
61 silly audit   'postcss-discard-duplicates': [ '5.1.0' ],
61 silly audit   'postcss-discard-empty': [ '5.1.1' ],
61 silly audit   'postcss-discard-overridden': [ '5.1.0' ],
61 silly audit   'postcss-double-position-gradients': [ '3.1.2' ],
61 silly audit   'postcss-env-function': [ '4.0.6' ],
61 silly audit   'postcss-flexbugs-fixes': [ '5.0.2' ],
61 silly audit   'postcss-focus-visible': [ '6.0.4' ],
61 silly audit   'postcss-focus-within': [ '5.0.4' ],
61 silly audit   'postcss-font-variant': [ '5.0.0' ],
61 silly audit   'postcss-gap-properties': [ '3.0.5' ],
61 silly audit   'postcss-image-set-function': [ '4.0.7' ],
61 silly audit   'postcss-import': [ '15.1.0' ],
61 silly audit   'postcss-initial': [ '4.0.1' ],
61 silly audit   'postcss-js': [ '4.0.1' ],
61 silly audit   'postcss-lab-function': [ '4.2.1' ],
61 silly audit   'postcss-load-config': [ '4.0.2' ],
61 silly audit   yaml: [ '2.7.1', '1.10.2' ],
61 silly audit   'postcss-loader': [ '6.2.1' ],
61 silly audit   'postcss-logical': [ '5.0.4' ],
61 silly audit   'postcss-media-minmax': [ '5.0.0' ],
61 silly audit   'postcss-merge-longhand': [ '5.1.7' ],
61 silly audit   'postcss-merge-rules': [ '5.1.4' ],
61 silly audit   'postcss-minify-font-values': [ '5.1.0' ],
61 silly audit   'postcss-minify-gradients': [ '5.1.1' ],
61 silly audit   'postcss-minify-params': [ '5.1.4' ],
61 silly audit   'postcss-minify-selectors': [ '5.2.1' ],
61 silly audit   'postcss-modules-extract-imports': [ '3.1.0' ],
61 silly audit   'postcss-modules-local-by-default': [ '4.2.0' ],
61 silly audit   'postcss-selector-parser': [ '7.1.0', '6.1.2' ],
61 silly audit   'postcss-modules-scope': [ '3.2.1' ],
61 silly audit   'postcss-modules-values': [ '4.0.0' ],
61 silly audit   'postcss-nested': [ '6.2.0' ],
61 silly audit   'postcss-nesting': [ '10.2.0' ],
61 silly audit   'postcss-normalize': [ '10.0.1' ],
61 silly audit   'postcss-normalize-charset': [ '5.1.0' ],
61 silly audit   'postcss-normalize-display-values': [ '5.1.0' ],
61 silly audit   'postcss-normalize-positions': [ '5.1.1' ],
61 silly audit   'postcss-normalize-repeat-style': [ '5.1.1' ],
61 silly audit   'postcss-normalize-string': [ '5.1.0' ],
61 silly audit   'postcss-normalize-timing-functions': [ '5.1.0' ],
61 silly audit   'postcss-normalize-unicode': [ '5.1.1' ],
61 silly audit   'postcss-normalize-url': [ '5.1.0' ],
61 silly audit   'postcss-normalize-whitespace': [ '5.1.1' ],
61 silly audit   'postcss-opacity-percentage': [ '1.1.3' ],
61 silly audit   'postcss-ordered-values': [ '5.1.3' ],
61 silly audit   'postcss-overflow-shorthand': [ '3.0.4' ],
61 silly audit   'postcss-page-break': [ '3.0.4' ],
61 silly audit   'postcss-place': [ '7.0.5' ],
61 silly audit   'postcss-preset-env': [ '7.8.3' ],
61 silly audit   'postcss-pseudo-class-any-link': [ '7.1.6' ],
61 silly audit   'postcss-reduce-initial': [ '5.1.2' ],
61 silly audit   'postcss-reduce-transforms': [ '5.1.0' ],
61 silly audit   'postcss-replace-overflow-wrap': [ '4.0.0' ],
61 silly audit   'postcss-selector-not': [ '6.0.1' ],
61 silly audit   'postcss-svgo': [ '5.1.0' ],
61 silly audit   svgo: [ '2.8.0', '1.3.2' ],
61 silly audit   'postcss-unique-selectors': [ '5.1.1' ],
61 silly audit   'postcss-value-parser': [ '4.2.0' ],
61 silly audit   'prelude-ls': [ '1.2.1', '1.1.2' ],
61 silly audit   'prepend-http': [ '2.0.0' ],
61 silly audit   'pretty-bytes': [ '5.6.0' ],
61 silly audit   'pretty-error': [ '4.0.0' ],
61 silly audit   'process-nextick-args': [ '2.0.1' ],
61 silly audit   promise: [ '8.3.0' ],
61 silly audit   prompts: [ '2.4.2' ],
61 silly audit   'prop-types': [ '15.8.1' ],
61 silly audit   'proxy-addr': [ '2.0.7' ],
61 silly audit   psl: [ '1.15.0' ],
61 silly audit   pump: [ '3.0.2' ],
61 silly audit   punycode: [ '2.3.1' ],
61 silly audit   pupa: [ '2.1.1' ],
61 silly audit   q: [ '1.5.1' ],
61 silly audit   qs: [ '6.13.0' ],
61 silly audit   querystringify: [ '2.2.0' ],
61 silly audit   'queue-microtask': [ '1.2.3' ],
61 silly audit   'quick-lru': [ '4.0.1' ],
61 silly audit   raf: [ '3.4.1' ],
61 silly audit   randombytes: [ '2.1.0' ],
61 silly audit   'range-parser': [ '1.2.1' ],
61 silly audit   'raw-body': [ '2.5.2' ],
61 silly audit   rc: [ '1.2.8' ],
61 silly audit   'strip-json-comments': [ '2.0.1', '3.1.1' ],
61 silly audit   react: [ '19.1.0' ],
61 silly audit   'react-app-polyfill': [ '3.0.0' ],
61 silly audit   'regenerator-runtime': [ '0.13.11', '0.14.1' ],
61 silly audit   'react-app-rewired': [ '2.2.1' ],
61 silly audit   'react-dev-utils': [ '12.0.1' ],
61 silly audit   'react-dom': [ '19.1.0' ],
61 silly audit   'react-error-overlay': [ '6.1.0' ],
61 silly audit   'react-i18next': [ '15.4.1' ],
61 silly audit   'react-redux': [ '9.2.0' ],
61 silly audit   'react-refresh': [ '0.11.0' ],
61 silly audit   'react-scripts': [ '5.0.1' ],
61 silly audit   tr46: [ '1.0.1', '2.1.0' ],
61 silly audit   'webpack-sources': [ '1.4.3', '2.3.1', '3.2.3' ],
61 silly audit   'whatwg-url': [ '7.1.0', '8.7.0' ],
61 silly audit   'workbox-background-sync': [ '6.6.0', '7.3.0' ],
61 silly audit   'workbox-broadcast-update': [ '6.6.0', '7.3.0' ],
61 silly audit   'workbox-build': [ '6.6.0', '7.3.0' ],
61 silly audit   'workbox-cacheable-response': [ '6.6.0', '7.3.0' ],
61 silly audit   'workbox-core': [ '6.6.0', '7.3.0' ],
61 silly audit   'workbox-expiration': [ '6.6.0', '7.3.0' ],
61 silly audit   'workbox-google-analytics': [ '6.6.0', '7.3.0' ],
61 silly audit   'workbox-navigation-preload': [ '6.6.0', '7.3.0' ],
61 silly audit   'workbox-precaching': [ '6.6.0', '7.3.0' ],
61 silly audit   'workbox-range-requests': [ '6.6.0', '7.3.0' ],
61 silly audit   'workbox-recipes': [ '6.6.0', '7.3.0' ],
61 silly audit   'workbox-routing': [ '6.6.0', '7.3.0' ],
61 silly audit   'workbox-strategies': [ '6.6.0', '7.3.0' ],
61 silly audit   'workbox-streams': [ '6.6.0', '7.3.0' ],
61 silly audit   'workbox-sw': [ '6.6.0', '7.3.0' ],
61 silly audit   'workbox-webpack-plugin': [ '6.6.0', '7.3.0' ],
61 silly audit   'workbox-window': [ '6.6.0', '7.3.0' ],
61 silly audit   'react-transition-group': [ '4.4.5' ],
61 silly audit   'read-cache': [ '1.0.0' ],
61 silly audit   'read-pkg': [ '5.2.0' ],
61 silly audit   'read-pkg-up': [ '7.0.1' ],
61 silly audit   readdirp: [ '3.6.0' ],
61 silly audit   'recursive-readdir': [ '2.2.3' ],
61 silly audit   redent: [ '3.0.0' ],
61 silly audit   'redux-thunk': [ '3.1.0' ],
61 silly audit   'reflect.getprototypeof': [ '1.0.10' ],
61 silly audit   regenerate: [ '1.4.2' ],
61 silly audit   'regenerate-unicode-properties': [ '10.2.0' ],
61 silly audit   'regenerator-transform': [ '0.15.2' ],
61 silly audit   'regex-parser': [ '2.3.1' ],
61 silly audit   'regexp.prototype.flags': [ '1.5.4' ],
61 silly audit   'regexpu-core': [ '6.2.0' ],
61 silly audit   'registry-auth-token': [ '4.2.2' ],
61 silly audit   'registry-url': [ '5.1.0' ],
61 silly audit   regjsgen: [ '0.8.0' ],
61 silly audit   regjsparser: [ '0.12.0' ],
61 silly audit   relateurl: [ '0.2.7' ],
61 silly audit   renderkid: [ '3.0.0' ],
61 silly audit   'require-directory': [ '2.1.1' ],
61 silly audit   'require-from-string': [ '2.0.2' ],
61 silly audit   'requires-port': [ '1.0.0' ],
61 silly audit   reselect: [ '5.1.1' ],
61 silly audit   'resolve-cwd': [ '3.0.0' ],
61 silly audit   'resolve-url-loader': [ '4.0.0' ],
61 silly audit   'resolve.exports': [ '1.1.1' ],
61 silly audit   responselike: [ '1.0.2' ],
61 silly audit   'restore-cursor': [ '3.1.0' ],
61 silly audit   retry: [ '0.13.1' ],
61 silly audit   reusify: [ '1.1.0' ],
61 silly audit   rimraf: [ '3.0.2' ],
61 silly audit   rollup: [ '2.79.2' ],
61 silly audit   'rollup-plugin-terser': [ '7.0.2' ],
61 silly audit   'serialize-javascript': [ '4.0.0', '6.0.2' ],
61 silly audit   'run-async': [ '2.4.1' ],
61 silly audit   'run-parallel': [ '1.2.0' ],
61 silly audit   rxjs: [ '6.6.7' ],
61 silly audit   tslib: [ '1.14.1', '2.8.1' ],
61 silly audit   'safe-array-concat': [ '1.1.3' ],
61 silly audit   'safe-push-apply': [ '1.0.0' ],
61 silly audit   'safe-regex-test': [ '1.1.0' ],
61 silly audit   'safer-buffer': [ '2.1.2' ],
61 silly audit   'sanitize.css': [ '13.0.0' ],
61 silly audit   'sass-loader': [ '12.6.0' ],
61 silly audit   sax: [ '1.2.4' ],
61 silly audit   saxes: [ '5.0.1' ],
61 silly audit   scheduler: [ '0.26.0' ],
61 silly audit   'select-hose': [ '2.0.0' ],
61 silly audit   selfsigned: [ '2.4.1' ],
61 silly audit   'semver-diff': [ '3.1.1' ],
61 silly audit   send: [ '0.19.0' ],
61 silly audit   'serve-index': [ '1.9.1' ],
61 silly audit   setprototypeof: [ '1.1.0', '1.2.0' ],
61 silly audit   statuses: [ '1.5.0', '2.0.1' ],
61 silly audit   'serve-static': [ '1.16.2' ],
61 silly audit   'set-function-length': [ '1.2.2' ],
61 silly audit   'set-function-name': [ '2.0.2' ],
61 silly audit   'set-proto': [ '1.0.0' ],
61 silly audit   'shebang-command': [ '2.0.0' ],
61 silly audit   'shebang-regex': [ '3.0.0' ],
61 silly audit   'shell-quote': [ '1.8.2' ],
61 silly audit   'side-channel': [ '1.1.0' ],
61 silly audit   'side-channel-list': [ '1.0.0' ],
61 silly audit   'side-channel-map': [ '1.0.1' ],
61 silly audit   'side-channel-weakmap': [ '1.0.2' ],
61 silly audit   sisteransi: [ '1.0.5' ],
61 silly audit   smob: [ '1.5.0' ],
61 silly audit   sockjs: [ '0.3.24' ],
61 silly audit   'source-list-map': [ '2.0.1' ],
61 silly audit   'source-map-js': [ '1.2.1' ],
61 silly audit   'source-map-loader': [ '3.0.2' ],
61 silly audit   'source-map-support': [ '0.5.21' ],
61 silly audit   'sourcemap-codec': [ '1.4.8' ],
61 silly audit   'spdx-correct': [ '3.2.0' ],
61 silly audit   'spdx-exceptions': [ '2.5.0' ],
61 silly audit   'spdx-expression-parse': [ '3.0.1' ],
61 silly audit   'spdx-license-ids': [ '3.0.21' ],
61 silly audit   spdy: [ '4.0.2' ],
61 silly audit   'spdy-transport': [ '3.0.0' ],
61 silly audit   'sprintf-js': [ '1.0.3' ],
61 silly audit   stable: [ '0.1.8' ],
61 silly audit   'stack-utils': [ '2.0.6' ],
61 silly audit   stackframe: [ '1.3.4' ],
61 silly audit   'static-eval': [ '2.0.2' ],
61 silly audit   'type-check': [ '0.3.2', '0.4.0' ],
61 silly audit   'string-natural-compare': [ '3.0.1' ],
61 silly audit   'string.prototype.includes': [ '2.0.1' ],
61 silly audit   'string.prototype.matchall': [ '4.0.12' ],
61 silly audit   'string.prototype.repeat': [ '1.0.0' ],
61 silly audit   'string.prototype.trim': [ '1.2.10' ],
61 silly audit   'string.prototype.trimend': [ '1.0.9' ],
61 silly audit   'string.prototype.trimstart': [ '1.0.8' ],
61 silly audit   'stringify-object': [ '3.3.0' ],
61 silly audit   'strip-bom': [ '4.0.0', '3.0.0' ],
61 silly audit   'strip-comments': [ '2.0.1' ],
61 silly audit   'strip-final-newline': [ '2.0.0' ],
61 silly audit   'strip-indent': [ '3.0.0' ],
61 silly audit   'style-loader': [ '3.3.4' ],
61 silly audit   stylehacks: [ '5.1.1' ],
61 silly audit   stylis: [ '4.2.0' ],
61 silly audit   sucrase: [ '3.35.0' ],
61 silly audit   'supports-hyperlinks': [ '2.3.0' ],
61 silly audit   'supports-preserve-symlinks-flag': [ '1.0.0' ],
61 silly audit   'svg-parser': [ '2.0.4' ],
61 silly audit   'symbol-tree': [ '3.2.4' ],
61 silly audit   tailwindcss: [ '3.4.17' ],
61 silly audit   'temp-dir': [ '2.0.0' ],
61 silly audit   tempy: [ '0.6.0' ],
61 silly audit   'term-size': [ '2.2.1' ],
61 silly audit   'terminal-link': [ '2.1.1' ],
61 silly audit   terser: [ '5.39.0' ],
61 silly audit   'terser-webpack-plugin': [ '5.3.14' ],
61 silly audit   'test-exclude': [ '6.0.0' ],
61 silly audit   'text-table': [ '0.2.0' ],
61 silly audit   thenify: [ '3.3.1' ],
61 silly audit   'thenify-all': [ '1.6.0' ],
61 silly audit   throat: [ '6.0.2' ],
61 silly audit   through: [ '2.3.8' ],
61 silly audit   thunky: [ '1.1.0' ],
61 silly audit   tmp: [ '0.0.33' ],
61 silly audit   tmpl: [ '1.0.5' ],
61 silly audit   'to-readable-stream': [ '1.0.0' ],
61 silly audit   'to-regex-range': [ '5.0.1' ],
61 silly audit   toidentifier: [ '1.0.1' ],
61 silly audit   'tough-cookie': [ '4.1.4' ],
61 silly audit   universalify: [ '0.2.0', '2.0.1' ],
61 silly audit   'trim-newlines': [ '3.0.1' ],
61 silly audit   tryer: [ '1.0.1' ],
61 silly audit   'ts-interface-checker': [ '0.1.13' ],
61 silly audit   'tsconfig-paths': [ '3.15.0' ],
61 silly audit   tsutils: [ '3.21.0' ],
61 silly audit   'type-detect': [ '4.0.8' ],
61 silly audit   'type-is': [ '1.6.18' ],
61 silly audit   'typed-array-buffer': [ '1.0.3' ],
61 silly audit   'typed-array-byte-length': [ '1.0.3' ],
61 silly audit   'typed-array-byte-offset': [ '1.0.4' ],
61 silly audit   'typed-array-length': [ '1.0.7' ],
61 silly audit   'typedarray-to-buffer': [ '3.1.5' ],
61 silly audit   typescript: [ '4.9.5' ],
61 silly audit   'unbox-primitive': [ '1.1.0' ],
61 silly audit   underscore: [ '1.12.1' ],
61 silly audit   'unicode-canonical-property-names-ecmascript': [ '2.0.1' ],
61 silly audit   'unicode-match-property-ecmascript': [ '2.0.0' ],
61 silly audit   'unicode-match-property-value-ecmascript': [ '2.2.0' ],
61 silly audit   'unicode-property-aliases-ecmascript': [ '2.1.0' ],
61 silly audit   'unique-string': [ '2.0.0' ],
61 silly audit   unpipe: [ '1.0.0' ],
61 silly audit   unquote: [ '1.1.1' ],
61 silly audit   upath: [ '1.2.0' ],
61 silly audit   'update-browserslist-db': [ '1.1.3' ],
61 silly audit   'update-notifier': [ '4.1.3' ],
61 silly audit   'uri-js': [ '4.4.1' ],
61 silly audit   'url-parse': [ '1.5.10' ],
61 silly audit   'url-parse-lax': [ '3.0.0' ],
61 silly audit   'use-sync-external-store': [ '1.5.0' ],
61 silly audit   'util-deprecate': [ '1.0.2' ],
61 silly audit   'util.promisify': [ '1.0.1' ],
61 silly audit   utila: [ '0.4.0' ],
61 silly audit   'utils-merge': [ '1.0.1' ],
61 silly audit   uuid: [ '8.3.2' ],
61 silly audit   'v8-to-istanbul': [ '8.1.1' ],
61 silly audit   'validate-npm-package-license': [ '3.0.4' ],
61 silly audit   vary: [ '1.1.2' ],
61 silly audit   'void-elements': [ '3.1.0' ],
61 silly audit   'w3c-hr-time': [ '1.0.2' ],
61 silly audit   'w3c-xmlserializer': [ '2.0.0' ],
61 silly audit   walker: [ '1.0.8' ],
61 silly audit   watchpack: [ '2.4.2' ],
61 silly audit   wbuf: [ '1.7.3' ],
61 silly audit   wcwidth: [ '1.0.1' ],
61 silly audit   'web-vitals': [ '2.1.4' ],
61 silly audit   webpack: [ '5.98.0' ],
61 silly audit   'webpack-dev-middleware': [ '5.3.4' ],
61 silly audit   'webpack-dev-server': [ '4.15.2' ],
61 silly audit   ws: [ '8.18.1', '7.5.10' ],
61 silly audit   'webpack-manifest-plugin': [ '4.1.1' ],
61 silly audit   'websocket-driver': [ '0.7.4' ],
61 silly audit   'websocket-extensions': [ '0.1.4' ],
61 silly audit   'whatwg-encoding': [ '1.0.5' ],
61 silly audit   'whatwg-fetch': [ '3.6.20' ],
61 silly audit   'whatwg-mimetype': [ '2.3.0' ],
61 silly audit   'which-boxed-primitive': [ '1.1.1' ],
61 silly audit   'which-builtin-type': [ '1.2.1' ],
61 silly audit   'which-collection': [ '1.0.2' ],
61 silly audit   'which-typed-array': [ '1.1.19' ],
61 silly audit   'widest-line': [ '3.1.0' ],
61 silly audit   'word-wrap': [ '1.2.5' ],
61 silly audit   'workbox-cli': [ '7.3.0' ],
61 silly audit   wrappy: [ '1.0.2' ],
61 silly audit   'write-file-atomic': [ '3.0.3' ],
61 silly audit   'xdg-basedir': [ '4.0.0' ],
61 silly audit   'xml-name-validator': [ '3.0.0' ],
61 silly audit   xmlchars: [ '2.2.0' ],
61 silly audit   y18n: [ '5.0.8' ],
61 silly audit   yallist: [ '3.1.1' ],
61 silly audit   yargs: [ '16.2.0' ],
61 silly audit   'yocto-queue': [ '0.1.0' ],
61 silly audit   '@types/react-router-dom': [ '5.3.3' ],
61 silly audit   'react-router-dom': [ '7.4.1' ],
61 silly audit   '@types/history': [ '4.7.11' ],
61 silly audit   '@types/react-router': [ '5.1.20' ],
61 silly audit   'react-router': [ '7.4.1' ],
61 silly audit   '@types/cookie': [ '0.6.0' ],
61 silly audit   'set-cookie-parser': [ '2.7.1' ],
61 silly audit   'turbo-stream': [ '2.4.0' ]
61 silly audit }
62 verbose reify failed optional dependency /home/ubuntu/jobconnect-mozambique/node_modules/fsevents
63 silly reify mark deleted [ '/home/ubuntu/jobconnect-mozambique/node_modules/fsevents' ]
64 http cache turbo-stream@https://registry.npmjs.org/turbo-stream/-/turbo-stream-2.4.0.tgz 0ms (cache hit)
65 http cache @types/cookie@https://registry.npmjs.org/@types/cookie/-/cookie-0.6.0.tgz 0ms (cache hit)
66 http cache @types/react-router@https://registry.npmjs.org/@types/react-router/-/react-router-5.1.20.tgz 0ms (cache hit)
67 http cache @types/history@https://registry.npmjs.org/@types/history/-/history-4.7.11.tgz 0ms (cache hit)
68 http cache react-router-dom@https://registry.npmjs.org/react-router-dom/-/react-router-dom-7.4.1.tgz 0ms (cache hit)
69 http cache @types/react-router-dom@https://registry.npmjs.org/@types/react-router-dom/-/react-router-dom-5.3.3.tgz 0ms (cache hit)
70 http cache cookie@https://registry.npmjs.org/cookie/-/cookie-1.0.2.tgz 0ms (cache hit)
71 http cache set-cookie-parser@https://registry.npmjs.org/set-cookie-parser/-/set-cookie-parser-2.7.1.tgz 0ms (cache hit)
72 http cache react-router@https://registry.npmjs.org/react-router/-/react-router-7.4.1.tgz 0ms (cache hit)
73 silly tarball no local data for turbo-stream@https://registry.npmjs.org/turbo-stream/-/turbo-stream-2.4.0.tgz. Extracting by manifest.
74 silly tarball no local data for @types/cookie@https://registry.npmjs.org/@types/cookie/-/cookie-0.6.0.tgz. Extracting by manifest.
75 silly tarball no local data for @types/react-router@https://registry.npmjs.org/@types/react-router/-/react-router-5.1.20.tgz. Extracting by manifest.
76 silly tarball no local data for @types/history@https://registry.npmjs.org/@types/history/-/history-4.7.11.tgz. Extracting by manifest.
77 silly tarball no local data for react-router-dom@https://registry.npmjs.org/react-router-dom/-/react-router-dom-7.4.1.tgz. Extracting by manifest.
78 silly tarball no local data for @types/react-router-dom@https://registry.npmjs.org/@types/react-router-dom/-/react-router-dom-5.3.3.tgz. Extracting by manifest.
79 silly tarball no local data for cookie@https://registry.npmjs.org/cookie/-/cookie-1.0.2.tgz. Extracting by manifest.
80 silly tarball no local data for set-cookie-parser@https://registry.npmjs.org/set-cookie-parser/-/set-cookie-parser-2.7.1.tgz. Extracting by manifest.
81 silly tarball no local data for react-router@https://registry.npmjs.org/react-router/-/react-router-7.4.1.tgz. Extracting by manifest.
82 http fetch GET 200 https://registry.npmjs.org/turbo-stream/-/turbo-stream-2.4.0.tgz 88ms (cache miss)
83 http fetch GET 200 https://registry.npmjs.org/@types/cookie/-/cookie-0.6.0.tgz 89ms (cache miss)
84 http fetch POST 200 https://registry.npmjs.org/-/npm/v1/security/advisories/bulk 146ms
85 silly audit report {
85 silly audit report   got: [
85 silly audit report     {
85 silly audit report       id: 1088948,
85 silly audit report       url: 'https://github.com/advisories/GHSA-pfrx-2q88-qq97',
85 silly audit report       title: 'Got allows a redirect to a UNIX socket',
85 silly audit report       severity: 'moderate',
85 silly audit report       vulnerable_versions: '<11.8.5',
85 silly audit report       cwe: [],
85 silly audit report       cvss: [Object]
85 silly audit report     }
85 silly audit report   ],
85 silly audit report   'nth-check': [
85 silly audit report     {
85 silly audit report       id: 1095141,
85 silly audit report       url: 'https://github.com/advisories/GHSA-rp65-9cf3-cjxr',
85 silly audit report       title: 'Inefficient Regular Expression Complexity in nth-check',
85 silly audit report       severity: 'high',
85 silly audit report       vulnerable_versions: '<2.0.1',
85 silly audit report       cwe: [Array],
85 silly audit report       cvss: [Object]
85 silly audit report     }
85 silly audit report   ],
85 silly audit report   postcss: [
85 silly audit report     {
85 silly audit report       id: 1094544,
85 silly audit report       url: 'https://github.com/advisories/GHSA-7fh5-64p2-3v2j',
85 silly audit report       title: 'PostCSS line return parsing error',
85 silly audit report       severity: 'moderate',
85 silly audit report       vulnerable_versions: '<8.4.31',
85 silly audit report       cwe: [Array],
85 silly audit report       cvss: [Object]
85 silly audit report     }
85 silly audit report   ]
85 silly audit report }
86 silly packumentCache corgi:https://registry.npmjs.org/got cache-miss
87 silly packumentCache corgi:https://registry.npmjs.org/nth-check cache-miss
88 silly packumentCache corgi:https://registry.npmjs.org/postcss cache-miss
89 http fetch GET 200 https://registry.npmjs.org/@types/react-router-dom/-/react-router-dom-5.3.3.tgz 143ms (cache miss)
90 http fetch GET 200 https://registry.npmjs.org/react-router-dom/-/react-router-dom-7.4.1.tgz 157ms (cache miss)
91 http fetch GET 200 https://registry.npmjs.org/@types/history/-/history-4.7.11.tgz 158ms (cache miss)
92 http fetch GET 200 https://registry.npmjs.org/@types/react-router/-/react-router-5.1.20.tgz 159ms (cache miss)
93 http fetch GET 200 https://registry.npmjs.org/set-cookie-parser/-/set-cookie-parser-2.7.1.tgz 161ms (cache miss)
94 http cache https://registry.npmjs.org/nth-check 35ms (cache hit)
95 silly packumentCache corgi:https://registry.npmjs.org/nth-check set size:10078 disposed:false
96 http cache https://registry.npmjs.org/got 38ms (cache hit)
97 silly packumentCache corgi:https://registry.npmjs.org/got set size:331196 disposed:false
98 http fetch GET 200 https://registry.npmjs.org/cookie/-/cookie-1.0.2.tgz 170ms (cache miss)
99 http cache https://registry.npmjs.org/postcss 44ms (cache hit)
100 silly packumentCache corgi:https://registry.npmjs.org/postcss set size:334606 disposed:false
101 silly packumentCache corgi:https://registry.npmjs.org/package-json cache-miss
102 http cache https://registry.npmjs.org/package-json 9ms (cache hit)
103 silly packumentCache corgi:https://registry.npmjs.org/package-json set size:33596 disposed:false
104 silly packumentCache corgi:https://registry.npmjs.org/css-select cache-miss
105 http cache https://registry.npmjs.org/css-select 8ms (cache hit)
106 silly packumentCache corgi:https://registry.npmjs.org/css-select set size:44393 disposed:false
107 silly packumentCache corgi:https://registry.npmjs.org/resolve-url-loader cache-miss
108 http cache https://registry.npmjs.org/resolve-url-loader 8ms (cache hit)
109 silly packumentCache corgi:https://registry.npmjs.org/resolve-url-loader set size:61938 disposed:false
110 silly packumentCache corgi:https://registry.npmjs.org/latest-version cache-miss
111 http cache https://registry.npmjs.org/latest-version 7ms (cache hit)
112 silly packumentCache corgi:https://registry.npmjs.org/latest-version set size:15360 disposed:false
113 silly packumentCache corgi:https://registry.npmjs.org/svgo cache-miss
114 http cache https://registry.npmjs.org/svgo 11ms (cache hit)
115 silly packumentCache corgi:https://registry.npmjs.org/svgo set size:126234 disposed:false
116 silly packumentCache corgi:https://registry.npmjs.org/react-scripts cache-miss
117 http cache https://registry.npmjs.org/react-scripts 8ms (cache hit)
118 silly packumentCache corgi:https://registry.npmjs.org/react-scripts set size:342451 disposed:false
119 silly packumentCache corgi:https://registry.npmjs.org/update-notifier cache-miss
120 http cache https://registry.npmjs.org/update-notifier 7ms (cache hit)
121 silly packumentCache corgi:https://registry.npmjs.org/update-notifier set size:56608 disposed:false
122 silly packumentCache corgi:https://registry.npmjs.org/@svgr%2fplugin-svgo cache-miss
123 http cache https://registry.npmjs.org/@svgr%2fplugin-svgo 6ms (cache hit)
124 silly packumentCache corgi:https://registry.npmjs.org/@svgr%2fplugin-svgo set size:36570 disposed:false
125 silly packumentCache corgi:https://registry.npmjs.org/workbox-cli cache-miss
126 http cache https://registry.npmjs.org/workbox-cli 7ms (cache hit)
127 silly packumentCache corgi:https://registry.npmjs.org/workbox-cli set size:147453 disposed:false
128 silly packumentCache corgi:https://registry.npmjs.org/@svgr%2fwebpack cache-miss
129 http cache https://registry.npmjs.org/@svgr%2fwebpack 12ms (cache hit)
130 silly packumentCache corgi:https://registry.npmjs.org/@svgr%2fwebpack set size:85201 disposed:false
131 http fetch GET 200 https://registry.npmjs.org/react-router/-/react-router-7.4.1.tgz 328ms (cache miss)
132 silly ADD node_modules/turbo-stream
133 silly ADD node_modules/set-cookie-parser
134 silly ADD node_modules/@types/cookie
135 silly ADD node_modules/react-router
136 silly ADD node_modules/react-router/node_modules/cookie
137 silly ADD node_modules/@types/react-router
138 silly ADD node_modules/@types/history
139 silly ADD node_modules/react-router-dom
140 silly ADD node_modules/@types/react-router-dom
141 silly ADD
142 verbose cwd /home/ubuntu/jobconnect-mozambique
143 verbose os Linux 6.1.102
144 verbose node v22.13.0
145 verbose npm  v10.9.2
146 verbose exit 0
147 info ok
