0 verbose cli /home/ubuntu/.nvm/versions/node/v22.13.0/bin/node /home/ubuntu/.nvm/versions/node/v22.13.0/bin/npm
1 info using npm@10.9.2
2 info using node@v22.13.0
3 silly config load:file:/home/ubuntu/.nvm/versions/node/v22.13.0/lib/node_modules/npm/npmrc
4 silly config load:file:/home/ubuntu/jobconnect-mozambique/.npmrc
5 silly config load:file:/home/ubuntu/.npmrc
6 silly config load:file:/home/ubuntu/.nvm/versions/node/v22.13.0/etc/npmrc
7 verbose title npm install react-leaflet leaflet @types/leaflet
8 verbose argv "install" "react-leaflet" "leaflet" "@types/leaflet"
9 verbose logfile logs-max:10 dir:/home/ubuntu/.npm/_logs/2025-04-04T10_04_01_482Z-
10 verbose logfile /home/ubuntu/.npm/_logs/2025-04-04T10_04_01_482Z-debug-0.log
11 silly logfile start cleaning logs, removing 1 files
12 silly logfile done cleaning log files
13 silly packumentCache heap:2117074944 maxSize:529268736 maxEntrySize:264634368
14 silly idealTree buildDeps
15 silly fetch manifest react-leaflet@*
16 silly packumentCache full:https://registry.npmjs.org/react-leaflet cache-miss
17 http fetch GET 200 https://registry.npmjs.org/react-leaflet 793ms (cache miss)
18 silly packumentCache full:https://registry.npmjs.org/react-leaflet set size:undefined disposed:false
19 silly fetch manifest leaflet@*
20 silly packumentCache full:https://registry.npmjs.org/leaflet cache-miss
21 http fetch GET 200 https://registry.npmjs.org/leaflet 35ms (cache miss)
22 silly packumentCache full:https://registry.npmjs.org/leaflet set size:undefined disposed:false
23 silly fetch manifest react@^19.1.0
24 silly packumentCache full:https://registry.npmjs.org/react cache-miss
25 http fetch GET 200 https://registry.npmjs.org/react 125ms (cache updated)
26 silly packumentCache full:https://registry.npmjs.org/react set size:undefined disposed:false
27 silly fetch manifest react-dom@^19.1.0
28 silly packumentCache full:https://registry.npmjs.org/react-dom cache-miss
29 http fetch GET 200 https://registry.npmjs.org/react-dom 152ms (cache updated)
30 silly packumentCache full:https://registry.npmjs.org/react-dom set size:undefined disposed:false
31 silly fetch manifest @types/leaflet@*
32 silly packumentCache full:https://registry.npmjs.org/@types%2fleaflet cache-miss
33 http fetch GET 200 https://registry.npmjs.org/@types%2fleaflet 80ms (cache miss)
34 silly packumentCache full:https://registry.npmjs.org/@types%2fleaflet set size:undefined disposed:false
35 silly placeDep ROOT @types/leaflet@1.9.17 OK for: jobconnect-mozambique@0.1.0 want: *
36 silly placeDep ROOT leaflet@1.9.4 OK for: jobconnect-mozambique@0.1.0 want: *
37 silly placeDep ROOT react-leaflet@5.0.0 OK for: jobconnect-mozambique@0.1.0 want: *
38 silly fetch manifest @types/geojson@*
39 silly packumentCache full:https://registry.npmjs.org/@types%2fgeojson cache-miss
40 silly fetch manifest @react-leaflet/core@^3.0.0
41 silly packumentCache full:https://registry.npmjs.org/@react-leaflet%2fcore cache-miss
42 http fetch GET 200 https://registry.npmjs.org/@types%2fgeojson 58ms (cache miss)
43 silly packumentCache full:https://registry.npmjs.org/@types%2fgeojson set size:undefined disposed:false
44 http fetch GET 200 https://registry.npmjs.org/@react-leaflet%2fcore 83ms (cache miss)
45 silly packumentCache full:https://registry.npmjs.org/@react-leaflet%2fcore set size:undefined disposed:false
46 silly fetch manifest ajv@>=8
47 silly packumentCache full:https://registry.npmjs.org/ajv cache-miss
48 http fetch GET 200 https://registry.npmjs.org/ajv 81ms (cache updated)
49 silly packumentCache full:https://registry.npmjs.org/ajv set size:undefined disposed:false
50 silly placeDep ROOT ajv@8.17.1 REPLACE for: @apideck/better-ajv-errors@0.3.6 want: >=8
51 silly fetch manifest json-schema-traverse@^1.0.0
52 silly packumentCache full:https://registry.npmjs.org/json-schema-traverse cache-miss
53 http fetch GET 200 https://registry.npmjs.org/json-schema-traverse 39ms (cache updated)
54 silly packumentCache full:https://registry.npmjs.org/json-schema-traverse set size:undefined disposed:false
55 silly fetch manifest ajv@^6.12.4
56 silly packumentCache full:https://registry.npmjs.org/ajv cache-miss
57 http cache https://registry.npmjs.org/ajv 9ms (cache hit)
58 silly packumentCache full:https://registry.npmjs.org/ajv set size:1126072 disposed:false
59 silly placeDep node_modules/@eslint/eslintrc ajv@6.12.6 OK for: @eslint/eslintrc@2.1.4 want: ^6.12.4
60 silly fetch manifest uri-js@^4.2.2
61 silly packumentCache full:https://registry.npmjs.org/uri-js cache-miss
62 silly fetch manifest json-schema-traverse@^0.4.1
63 silly packumentCache full:https://registry.npmjs.org/json-schema-traverse cache-miss
64 http cache https://registry.npmjs.org/json-schema-traverse 6ms (cache hit)
65 silly packumentCache full:https://registry.npmjs.org/json-schema-traverse set size:23537 disposed:false
66 http fetch GET 200 https://registry.npmjs.org/uri-js 33ms (cache updated)
67 silly packumentCache full:https://registry.npmjs.org/uri-js set size:undefined disposed:false
68 silly placeDep ROOT @types/geojson@7946.0.16 OK for: @types/leaflet@1.9.17 want: *
69 silly placeDep ROOT json-schema-traverse@1.0.0 OK for: ajv@8.17.1 want: ^1.0.0
70 silly placeDep node_modules/eslint ajv@6.12.6 OK for: eslint@8.57.1 want: ^6.12.4
71 silly fetch manifest typescript@^5
72 silly packumentCache full:https://registry.npmjs.org/typescript cache-miss
73 http fetch GET 200 https://registry.npmjs.org/typescript 403ms (cache updated)
74 silly packumentCache full:https://registry.npmjs.org/typescript set size:undefined disposed:false
75 verbose stack Error: could not resolve
75 verbose stack     at PlaceDep.failPeerConflict (/home/ubuntu/.nvm/versions/node/v22.13.0/lib/node_modules/npm/node_modules/@npmcli/arborist/lib/place-dep.js:503:25)
75 verbose stack     at new PlaceDep (/home/ubuntu/.nvm/versions/node/v22.13.0/lib/node_modules/npm/node_modules/@npmcli/arborist/lib/place-dep.js:157:21)
75 verbose stack     at #buildDepStep (/home/ubuntu/.nvm/versions/node/v22.13.0/lib/node_modules/npm/node_modules/@npmcli/arborist/lib/arborist/build-ideal-tree.js:920:18)
75 verbose stack     at async Arborist.buildIdealTree (/home/ubuntu/.nvm/versions/node/v22.13.0/lib/node_modules/npm/node_modules/@npmcli/arborist/lib/arborist/build-ideal-tree.js:181:7)
75 verbose stack     at async Promise.all (index 1)
75 verbose stack     at async Arborist.reify (/home/ubuntu/.nvm/versions/node/v22.13.0/lib/node_modules/npm/node_modules/@npmcli/arborist/lib/arborist/reify.js:131:5)
75 verbose stack     at async Install.exec (/home/ubuntu/.nvm/versions/node/v22.13.0/lib/node_modules/npm/lib/commands/install.js:150:5)
75 verbose stack     at async Npm.exec (/home/ubuntu/.nvm/versions/node/v22.13.0/lib/node_modules/npm/lib/npm.js:207:9)
75 verbose stack     at async module.exports (/home/ubuntu/.nvm/versions/node/v22.13.0/lib/node_modules/npm/lib/cli/entry.js:74:5)
76 error code ERESOLVE
77 error ERESOLVE could not resolve
78 error
79 error While resolving: i18next@24.2.3
79 error Found: typescript@4.9.5[2m[22m
79 error [2mnode_modules/typescript[22m
79 error   [95mpeer[39m typescript@">= 2.7" from fork-ts-checker-webpack-plugin@6.5.3[2m[22m
79 error   [2mnode_modules/fork-ts-checker-webpack-plugin[22m
79 error     fork-ts-checker-webpack-plugin@"^6.5.0" from react-dev-utils@12.0.1[2m[22m
79 error     [2mnode_modules/react-dev-utils[22m
79 error       react-dev-utils@"^12.0.1" from react-scripts@5.0.1[2m[22m
79 error       [2mnode_modules/react-scripts[22m
79 error         [95mpeer[39m react-scripts@">=2.1.3" from react-app-rewired@2.2.1[2m[22m
79 error         [2mnode_modules/react-app-rewired[22m
79 error         1 more (the root project)
79 error   peerOptional typescript@"^3.2.1 || ^4" from react-scripts@5.0.1[2m[22m
79 error   [2mnode_modules/react-scripts[22m
79 error     [95mpeer[39m react-scripts@">=2.1.3" from react-app-rewired@2.2.1[2m[22m
79 error     [2mnode_modules/react-app-rewired[22m
79 error       react-app-rewired@"^2.2.1" from the root project
79 error     react-scripts@"5.0.1" from the root project
79 error   2 more (tsutils, the root project)
79 error
79 error Could not resolve dependency:
79 error peerOptional typescript@"^5" from i18next@24.2.3[2m[22m
79 error [2mnode_modules/i18next[22m
79 error   [95mpeer[39m i18next@">= 23.2.3" from react-i18next@15.4.1[2m[22m
79 error   [2mnode_modules/react-i18next[22m
79 error     react-i18next@"^15.4.1" from the root project
79 error   i18next@"^24.2.3" from the root project
79 error
79 error Conflicting peer dependency: typescript@5.8.2[2m[22m
79 error [2mnode_modules/typescript[22m
79 error   peerOptional typescript@"^5" from i18next@24.2.3[2m[22m
79 error   [2mnode_modules/i18next[22m
79 error     [95mpeer[39m i18next@">= 23.2.3" from react-i18next@15.4.1[2m[22m
79 error     [2mnode_modules/react-i18next[22m
79 error       react-i18next@"^15.4.1" from the root project
79 error     i18next@"^24.2.3" from the root project
79 error
79 error Fix the upstream dependency conflict, or retry
79 error this command with --force or --legacy-peer-deps
79 error to accept an incorrect (and potentially broken) dependency resolution.
80 error
80 error
80 error For a full report see:
80 error /home/ubuntu/.npm/_logs/2025-04-04T10_04_01_482Z-eresolve-report.txt
81 silly unfinished npm timer reify 1743761041794
82 silly unfinished npm timer reify:loadTrees 1743761041795
83 silly unfinished npm timer idealTree:buildDeps 1743761042836
84 silly unfinished npm timer idealTree:node_modules/i18next 1743761044479
85 verbose cwd /home/ubuntu/jobconnect-mozambique
86 verbose os Linux 6.1.102
87 verbose node v22.13.0
88 verbose npm  v10.9.2
89 verbose exit 1
90 verbose code 1
91 error A complete log of this run can be found in: /home/ubuntu/.npm/_logs/2025-04-04T10_04_01_482Z-debug-0.log
