2025-04-04 06:38:29.599 [info] [main] Log level: Info
2025-04-04 06:38:29.599 [info] [main] Validating found git in: "git"
2025-04-04 06:38:29.599 [info] [main] Using git "2.34.1" from "git"
2025-04-04 06:38:29.599 [info] [Model][doInitialScan] Initial repository scan started
2025-04-04 06:38:29.599 [info] > git rev-parse --show-toplevel [4ms]
2025-04-04 06:38:29.599 [info] fatal: not a git repository (or any of the parent directories): .git
2025-04-04 06:38:29.599 [info] > git rev-parse --show-toplevel [1ms]
2025-04-04 06:38:29.599 [info] fatal: not a git repository (or any of the parent directories): .git
2025-04-04 06:38:29.599 [info] > git rev-parse --show-toplevel [7ms]
2025-04-04 06:38:29.599 [info] fatal: not a git repository (or any of the parent directories): .git
2025-04-04 06:38:29.599 [info] > git rev-parse --show-toplevel [2ms]
2025-04-04 06:38:29.599 [info] fatal: not a git repository (or any of the parent directories): .git
2025-04-04 06:38:29.599 [info] > git rev-parse --show-toplevel [2ms]
2025-04-04 06:38:29.599 [info] fatal: not a git repository (or any of the parent directories): .git
2025-04-04 06:38:29.599 [info] > git rev-parse --show-toplevel [2ms]
2025-04-04 06:38:29.599 [info] fatal: not a git repository (or any of the parent directories): .git
2025-04-04 06:38:29.599 [info] > git rev-parse --show-toplevel [3ms]
2025-04-04 06:38:29.599 [info] > git rev-parse --git-dir --git-common-dir [2ms]
2025-04-04 06:38:29.599 [info] [Model][openRepository] Opened repository: /home/ubuntu/.nvm
2025-04-04 06:38:29.599 [info] > git config --get commit.template [4ms]
2025-04-04 06:38:29.599 [info] > git rev-parse --show-toplevel [3ms]
2025-04-04 06:38:29.599 [info] fatal: not a git repository (or any of the parent directories): .git
2025-04-04 06:38:29.600 [info] > git for-each-ref --format %(refname) %(objectname) %(*objectname) refs/tags [4ms]
2025-04-04 06:38:29.600 [info] > git rev-parse --show-toplevel [11ms]
2025-04-04 06:38:29.600 [info] fatal: not a git repository (or any of the parent directories): .git
2025-04-04 06:38:29.600 [info] > git for-each-ref --sort -committerdate --format %(refname) %(objectname) %(*objectname) [5ms]
2025-04-04 06:38:29.600 [info] > git rev-parse --show-toplevel [2ms]
2025-04-04 06:38:29.600 [info] fatal: not a git repository (or any of the parent directories): .git
2025-04-04 06:38:29.600 [info] > git rev-parse --show-toplevel [1ms]
2025-04-04 06:38:29.600 [info] fatal: not a git repository (or any of the parent directories): .git
2025-04-04 06:38:29.600 [info] [Model][doInitialScan] Initial repository scan completed - repositories (1), closed repositories (0), parent repositories (0), unsafe repositories (0)
2025-04-04 06:38:29.600 [info] > git rev-parse --show-toplevel [1ms]
2025-04-04 06:38:29.600 [info] fatal: not a git repository (or any of the parent directories): .git
2025-04-04 06:38:29.600 [info] > git status -z -uall [32ms]
2025-04-04 06:38:29.600 [info] > git config --get commit.template [5ms]
2025-04-04 06:38:29.600 [info] > git for-each-ref --format %(refname) %(objectname) %(*objectname) refs/tags [3ms]
2025-04-04 06:38:29.600 [info] > git for-each-ref --sort -committerdate --format %(refname) %(objectname) %(*objectname) [3ms]
2025-04-04 06:38:29.602 [info] > git status -z -uall [23ms]
2025-04-04 06:38:30.110 [info] > git rev-parse --show-toplevel [2ms]
2025-04-04 06:38:30.236 [info] > git check-ignore -v -z --stdin [4ms]
