2025-04-04 07:14:00.813 [info] [main] Log level: Info
2025-04-04 07:14:00.813 [info] [main] Validating found git in: "git"
2025-04-04 07:14:00.813 [info] [main] Using git "2.34.1" from "git"
2025-04-04 07:14:00.813 [info] [Model][doInitialScan] Initial repository scan started
2025-04-04 07:14:00.813 [info] > git rev-parse --show-toplevel [4ms]
2025-04-04 07:14:00.813 [info] > git rev-parse --git-dir --git-common-dir [2ms]
2025-04-04 07:14:00.813 [info] [Model][openRepository] Opened repository: /home/ubuntu
2025-04-04 07:14:00.813 [info] > git rev-parse --show-toplevel [7ms]
2025-04-04 07:14:00.813 [info] > git config --get commit.template [10ms]
2025-04-04 07:14:00.813 [info] > git rev-parse --show-toplevel [5ms]
2025-04-04 07:14:00.813 [info] > git rev-parse --show-toplevel [0ms]
2025-04-04 07:14:00.813 [info] > git for-each-ref --format=%(refname)%00%(upstream:short)%00%(objectname)%00%(upstream:track)%00%(upstream:remotename)%00%(upstream:remoteref) refs/heads/main refs/remotes/main [8ms]
2025-04-04 07:14:00.813 [warning] [Git][getBranch] No such branch: main
2025-04-04 07:14:00.813 [info] > git for-each-ref --sort -committerdate --format %(refname) %(objectname) %(*objectname) [7ms]
2025-04-04 07:14:00.813 [info] > git rev-parse --show-toplevel [2ms]
2025-04-04 07:14:00.815 [info] > git rev-parse --show-toplevel [3ms]
2025-04-04 07:14:00.820 [info] > git rev-parse --show-toplevel [2ms]
2025-04-04 07:14:00.825 [info] > git rev-parse --git-dir --git-common-dir [2ms]
2025-04-04 07:14:00.833 [info] [Model][openRepository] Opened repository: /home/ubuntu/.nvm
2025-04-04 07:14:00.876 [info] > git config --get commit.template [17ms]
2025-04-04 07:14:00.883 [info] > git rev-parse --show-toplevel [9ms]
2025-04-04 07:14:00.934 [info] > git for-each-ref --format %(refname) %(objectname) %(*objectname) refs/tags [52ms]
2025-04-04 07:14:00.948 [info] > git rev-parse --show-toplevel [53ms]
2025-04-04 07:14:00.953 [info] > git status -z -uall [9ms]
2025-04-04 07:14:00.959 [info] > git for-each-ref --sort -committerdate --format %(refname) %(objectname) %(*objectname) [11ms]
2025-04-04 07:14:00.989 [info] > git rev-parse --show-toplevel [37ms]
2025-04-04 07:14:00.997 [info] > git config --get commit.template [8ms]
2025-04-04 07:14:00.997 [info] > git rev-parse --show-toplevel [5ms]
2025-04-04 07:14:01.002 [info] [Model][doInitialScan] Initial repository scan completed - repositories (2), closed repositories (0), parent repositories (0), unsafe repositories (0)
2025-04-04 07:14:01.004 [info] > git for-each-ref --format %(refname) %(objectname) %(*objectname) refs/tags [8ms]
2025-04-04 07:14:01.013 [info] > git status -z -uall [6ms]
2025-04-04 07:14:01.016 [info] > git for-each-ref --sort -committerdate --format %(refname) %(objectname) %(*objectname) [5ms]
2025-04-04 07:14:01.350 [info] > git status -z -uall [558ms] (cancelled)
2025-04-04 07:14:03.215 [info] > git for-each-ref --format=%(refname)%00%(upstream:short)%00%(objectname)%00%(upstream:track)%00%(upstream:remotename)%00%(upstream:remoteref) refs/heads/main refs/remotes/main [1868ms]
2025-04-04 07:14:03.215 [warning] [Git][getBranch] No such branch: main
2025-04-04 07:14:03.216 [error] [GitHistoryProvider][resolveHEADMergeBase] Failed to resolve merge base for main: Error: No such branch: main.
2025-04-04 07:14:03.247 [info] > git check-ignore -v -z --stdin [5ms]
2025-04-04 07:14:03.248 [info] > git config --get commit.template [35ms]
2025-04-04 07:14:03.249 [info] > git rev-parse --show-toplevel [3ms]
2025-04-04 07:14:03.254 [info] > git for-each-ref --format=%(refname)%00%(upstream:short)%00%(objectname)%00%(upstream:track)%00%(upstream:remotename)%00%(upstream:remoteref) refs/heads/main refs/remotes/main [2ms]
2025-04-04 07:14:03.255 [warning] [Git][getBranch] No such branch: main
2025-04-04 07:14:03.267 [info] > git for-each-ref --sort -committerdate --format %(refname) %(objectname) %(*objectname) [5ms]
2025-04-04 07:14:03.336 [info] > git check-ignore -v -z --stdin [98ms]
2025-04-04 07:14:03.593 [info] > git status -z -uall [335ms] (cancelled)
2025-04-04 07:14:05.741 [info] > git check-ignore -v -z --stdin [79ms]
2025-04-04 07:14:05.764 [info] > git show --textconv HEAD:.bashrc [10ms]
2025-04-04 07:14:05.771 [info] > git show --textconv :.bashrc [22ms]
2025-04-04 07:14:05.772 [info] > git ls-tree -l HEAD -- .bashrc [8ms]
2025-04-04 07:14:05.772 [info] fatal: Not a valid object name HEAD
2025-04-04 07:14:05.785 [info] > git ls-files --stage -- .bashrc [26ms]
2025-04-04 07:14:05.789 [info] > git hash-object -t tree /dev/null [19ms]
2025-04-04 07:14:05.789 [warning] [GitFileSystemProvider][readFile] File not found - git:/home/ubuntu/.bashrc.git?%7B%22path%22%3A%22%2Fhome%2Fubuntu%2F.bashrc%22%2C%22ref%22%3A%22HEAD%22%7D
2025-04-04 07:14:05.793 [info] > git hash-object -t tree /dev/null [17ms]
2025-04-04 07:14:05.794 [warning] [GitFileSystemProvider][stat] File not found - git:/home/ubuntu/.bashrc.git?%7B%22path%22%3A%22%2Fhome%2Fubuntu%2F.bashrc%22%2C%22ref%22%3A%22HEAD%22%7D
2025-04-04 07:14:05.806 [info] > git cat-file -s 3d1c7a9bf93945801e6389c74017d8d5ba3655b0 [16ms]
2025-04-04 07:16:29.480 [info] > git config --get commit.template [4ms]
2025-04-04 07:16:29.481 [info] > git for-each-ref --format=%(refname)%00%(upstream:short)%00%(objectname)%00%(upstream:track)%00%(upstream:remotename)%00%(upstream:remoteref) refs/heads/main refs/remotes/main [2ms]
2025-04-04 07:16:29.481 [warning] [Git][getBranch] No such branch: main
2025-04-04 07:16:29.490 [info] > git for-each-ref --sort -committerdate --format %(refname) %(objectname) %(*objectname) [2ms]
2025-04-04 07:16:29.810 [info] > git status -z -uall [326ms] (cancelled)
2025-04-04 07:17:59.027 [info] > git check-ignore -v -z --stdin [15ms]
2025-04-04 07:18:36.760 [info] > git config --get commit.template [9ms]
2025-04-04 07:18:36.761 [info] > git for-each-ref --format=%(refname)%00%(upstream:short)%00%(objectname)%00%(upstream:track)%00%(upstream:remotename)%00%(upstream:remoteref) refs/heads/main refs/remotes/main [3ms]
2025-04-04 07:18:36.762 [warning] [Git][getBranch] No such branch: main
2025-04-04 07:18:36.778 [info] > git for-each-ref --sort -committerdate --format %(refname) %(objectname) %(*objectname) [3ms]
2025-04-04 07:18:39.969 [info] > git status -z -uall [3201ms] (cancelled)
2025-04-04 07:18:40.447 [info] > git ls-files --stage -- .bashrc [11ms]
2025-04-04 07:18:40.454 [info] > git cat-file -s 3d1c7a9bf93945801e6389c74017d8d5ba3655b0 [2ms]
2025-04-04 07:18:40.646 [info] > git show --textconv :.bashrc [10ms]
2025-04-04 07:18:54.150 [info] > git ls-files --stage -- .bashrc [13ms]
2025-04-04 07:18:54.158 [info] > git cat-file -s 3d1c7a9bf93945801e6389c74017d8d5ba3655b0 [2ms]
2025-04-04 07:18:54.317 [info] > git show --textconv :.bashrc [12ms]
2025-04-04 07:19:31.892 [info] > git config --get commit.template [7ms]
2025-04-04 07:19:31.893 [info] > git for-each-ref --format=%(refname)%00%(upstream:short)%00%(objectname)%00%(upstream:track)%00%(upstream:remotename)%00%(upstream:remoteref) refs/heads/main refs/remotes/main [2ms]
2025-04-04 07:19:31.893 [warning] [Git][getBranch] No such branch: main
2025-04-04 07:19:31.907 [info] > git for-each-ref --sort -committerdate --format %(refname) %(objectname) %(*objectname) [2ms]
2025-04-04 07:19:32.262 [info] > git status -z -uall [364ms] (cancelled)
2025-04-04 07:19:34.703 [info] > git ls-files --stage -- .bashrc [12ms]
2025-04-04 07:19:34.711 [info] > git cat-file -s 3d1c7a9bf93945801e6389c74017d8d5ba3655b0 [3ms]
2025-04-04 07:19:34.903 [info] > git show --textconv :.bashrc [10ms]
2025-04-04 07:19:38.950 [info] > git ls-files --stage -- .bashrc [13ms]
2025-04-04 07:19:38.958 [info] > git cat-file -s 3d1c7a9bf93945801e6389c74017d8d5ba3655b0 [2ms]
2025-04-04 07:19:39.093 [info] > git show --textconv :.bashrc [10ms]
