2025-04-04 07:03:27.054 [info] Extension host with pid 15954 started
2025-04-04 07:03:27.054 [error] Error: EEXIST: file already exists, open '/home/ubuntu/.local/share/code-server/User/workspaceStorage/2eefe9b5/vscode.lock'
2025-04-04 07:03:27.060 [info] Lock '/home/ubuntu/.local/share/code-server/User/workspaceStorage/2eefe9b5/vscode.lock': Could not acquire lock, checking if the file is stale.
2025-04-04 07:03:27.066 [info] Lock '/home/ubuntu/.local/share/code-server/User/workspaceStorage/2eefe9b5/vscode.lock': The lock does not look stale, elapsed: 581 ms, giving up.
2025-04-04 07:03:27.073 [error] Error: EEXIST: file already exists, open '/home/ubuntu/.local/share/code-server/User/workspaceStorage/2eefe9b5-1/vscode.lock'
2025-04-04 07:03:27.073 [info] Lock '/home/ubuntu/.local/share/code-server/User/workspaceStorage/2eefe9b5-1/vscode.lock': Could not acquire lock, checking if the file is stale.
2025-04-04 07:03:27.074 [info] Lock '/home/ubuntu/.local/share/code-server/User/workspaceStorage/2eefe9b5-1/vscode.lock': The lock does not look stale, elapsed: 635 ms, giving up.
2025-04-04 07:03:27.082 [info] Lock '/home/ubuntu/.local/share/code-server/User/workspaceStorage/2eefe9b5-2/vscode.lock': Lock acquired.
2025-04-04 07:03:27.283 [info] ExtensionService#_doActivateExtension vscode.git-base, startup: true, activationEvent: '*', root cause: vscode.git
2025-04-04 07:03:27.435 [info] ExtensionService#_doActivateExtension vscode.git, startup: true, activationEvent: '*'
2025-04-04 07:03:27.436 [info] ExtensionService#_doActivateExtension vscode.github, startup: true, activationEvent: '*'
2025-04-04 07:03:27.811 [info] Eager extensions activated
2025-04-04 07:03:27.811 [info] ExtensionService#_doActivateExtension vscode.debug-auto-launch, startup: false, activationEvent: 'onStartupFinished'
2025-04-04 07:03:27.812 [info] ExtensionService#_doActivateExtension vscode.merge-conflict, startup: false, activationEvent: 'onStartupFinished'
2025-04-04 07:03:28.063 [info] ExtensionService#_doActivateExtension vscode.emmet, startup: false, activationEvent: 'onLanguage'
2025-04-04 07:03:28.138 [info] ExtensionService#_doActivateExtension vscode.github-authentication, startup: false, activationEvent: 'onAuthenticationRequest:github'
2025-04-04 07:05:56.811 [info] ExtensionService#_doActivateExtension vscode.npm, startup: false, activationEvent: 'onTerminalQuickFixRequest:ms-vscode.npm-command'
2025-04-04 07:06:02.915 [info] ExtensionService#_doActivateExtension vscode.configuration-editing, startup: false, activationEvent: 'onLanguage:json'
2025-04-04 07:06:02.916 [info] ExtensionService#_doActivateExtension vscode.extension-editing, startup: false, activationEvent: 'onLanguage:json'
2025-04-04 07:06:02.916 [info] ExtensionService#_doActivateExtension vscode.json-language-features, startup: false, activationEvent: 'onLanguage:json'
2025-04-04 07:12:23.290 [warning] [Decorations] CAPPING events from decorations provider vscode.git 10000
2025-04-04 07:12:25.577 [warning] [Decorations] CAPPING events from decorations provider vscode.git 10000
2025-04-04 07:12:44.477 [warning] [Decorations] CAPPING events from decorations provider vscode.git 10000
2025-04-04 07:12:49.570 [warning] [Decorations] CAPPING events from decorations provider vscode.git 10000
